Start testing: Apr 14 21:48 UTC
----------------------------------------------------------
1/26 Testing: test-drive/all-tests
1/26 Test: test-drive/all-tests
Command: "/home/runner/work/pic/pic/build_default/_deps/test-drive-build/test/test-drive-tester"
Directory: /home/runner/work/pic/pic/build_default/_deps/test-drive-build/test
"test-drive/all-tests" start time: Apr 14 21:48 UTC
Output:
----------------------------------------------------------
# Testing: check
  Starting [0;34msuccess[0m [0;2m...[0m [0;1m([0;36m1[0;1m/[0;36m95[0;1m)[0m
       [0;2m...[0m [0;34msuccess[0m [0;1m[[0;1;32mPASSED[0;1m][0m
  Starting [0;34mfailure[0m [0;2m...[0m [0;1m([0;36m2[0;1m/[0;36m95[0;1m)[0m
       [0;2m...[0m [0;34mfailure[0m [0;1m[[0;1;36mEXPECTED FAIL[0;1m][0m
  [0;1mMessage:[0m Non-zero exit code encountered
  Starting [0;34mfailure-message[0m [0;2m...[0m [0;1m([0;36m3[0;1m/[0;36m95[0;1m)[0m
       [0;2m...[0m [0;34mfailure-message[0m [0;1m[[0;1;36mEXPECTED FAIL[0;1m][0m
  [0;1mMessage:[0m Custom message describing the error
  Starting [0;34mfailure-with-more[0m [0;2m...[0m [0;1m([0;36m4[0;1m/[0;36m95[0;1m)[0m
       [0;2m...[0m [0;34mfailure-with-more[0m [0;1m[[0;1;36mEXPECTED FAIL[0;1m][0m
  [0;1mMessage:[0m Non-zero exit code encountered
           with an additional descriptive message here
  Starting [0;34mskipped[0m [0;2m...[0m [0;1m([0;36m5[0;1m/[0;36m95[0;1m)[0m
       [0;2m...[0m [0;34mskipped[0m [0;1m[[0;1;33mSKIPPED[0;1m][0m
  [0;1mMessage:[0m This test is always skipped
  Starting [0;34mexpression[0m [0;2m...[0m [0;1m([0;36m6[0;1m/[0;36m95[0;1m)[0m
       [0;2m...[0m [0;34mexpression[0m [0;1m[[0;1;32mPASSED[0;1m][0m
  Starting [0;34mexpression-fail[0m [0;2m...[0m [0;1m([0;36m7[0;1m/[0;36m95[0;1m)[0m
       [0;2m...[0m [0;34mexpression-fail[0m [0;1m[[0;1;36mEXPECTED FAIL[0;1m][0m
  [0;1mMessage:[0m Condition not fullfilled
  Starting [0;34mexpression-message[0m [0;2m...[0m [0;1m([0;36m8[0;1m/[0;36m95[0;1m)[0m
       [0;2m...[0m [0;34mexpression-message[0m [0;1m[[0;1;36mEXPECTED FAIL[0;1m][0m
  [0;1mMessage:[0m index("info!", "!") == 0
  Starting [0;34mexpression-with-more[0m [0;2m...[0m [0;1m([0;36m9[0;1m/[0;36m95[0;1m)[0m
       [0;2m...[0m [0;34mexpression-with-more[0m [0;1m[[0;1;36mEXPECTED FAIL[0;1m][0m
  [0;1mMessage:[0m Condition not fullfilled
           index("info!", "?")
  Starting [0;34mreal-single-abs[0m [0;2m...[0m [0;1m([0;36m10[0;1m/[0;36m95[0;1m)[0m
       [0;2m...[0m [0;34mreal-single-abs[0m [0;1m[[0;1;32mPASSED[0;1m][0m
  Starting [0;34mreal-single-rel[0m [0;2m...[0m [0;1m([0;36m11[0;1m/[0;36m95[0;1m)[0m
       [0;2m...[0m [0;34mreal-single-rel[0m [0;1m[[0;1;32mPASSED[0;1m][0m
  Starting [0;34mreal-single-nan[0m [0;2m...[0m [0;1m([0;36m12[0;1m/[0;36m95[0;1m)[0m
       [0;2m...[0m [0;34mreal-single-nan[0m [0;1m[[0;1;36mEXPECTED FAIL[0;1m][0m
  [0;1mMessage:[0m Exceptional value 'not a number' found
  Starting [0;34mreal-single-abs-fail[0m [0;2m...[0m [0;1m([0;36m13[0;1m/[0;36m95[0;1m)[0m
       [0;2m...[0m [0;34mreal-single-abs-fail[0m [0;1m[[0;1;36mEXPECTED FAIL[0;1m][0m
  [0;1mMessage:[0m Floating point value missmatch
           expected 2.00000000 but got 1.00000000 (difference: 1.00000000)
  Starting [0;34mreal-single-rel-fail[0m [0;2m...[0m [0;1m([0;36m14[0;1m/[0;36m95[0;1m)[0m
       [0;2m...[0m [0;34mreal-single-rel-fail[0m [0;1m[[0;1;36mEXPECTED FAIL[0;1m][0m
  [0;1mMessage:[0m Floating point value missmatch
           expected 1.50000000 but got 1.00000000 (difference: 33%)
  Starting [0;34mreal-single-abs-message[0m [0;2m...[0m [0;1m([0;36m15[0;1m/[0;36m95[0;1m)[0m
       [0;2m...[0m [0;34mreal-single-abs-message[0m [0;1m[[0;1;36mEXPECTED FAIL[0;1m][0m
  [0;1mMessage:[0m Actual value is not 1.5
  Starting [0;34mreal-single-nan-message[0m [0;2m...[0m [0;1m([0;36m16[0;1m/[0;36m95[0;1m)[0m
       [0;2m...[0m [0;34mreal-single-nan-message[0m [0;1m[[0;1;36mEXPECTED FAIL[0;1m][0m
  [0;1mMessage:[0m Actual value is not a number
  Starting [0;34mreal-double-abs[0m [0;2m...[0m [0;1m([0;36m17[0;1m/[0;36m95[0;1m)[0m
       [0;2m...[0m [0;34mreal-double-abs[0m [0;1m[[0;1;32mPASSED[0;1m][0m
  Starting [0;34mreal-double-rel[0m [0;2m...[0m [0;1m([0;36m18[0;1m/[0;36m95[0;1m)[0m
       [0;2m...[0m [0;34mreal-double-rel[0m [0;1m[[0;1;32mPASSED[0;1m][0m
  Starting [0;34mreal-double-nan[0m [0;2m...[0m [0;1m([0;36m19[0;1m/[0;36m95[0;1m)[0m
       [0;2m...[0m [0;34mreal-double-nan[0m [0;1m[[0;1;36mEXPECTED FAIL[0;1m][0m
  [0;1mMessage:[0m Exceptional value 'not a number' found
  Starting [0;34mreal-double-abs-fail[0m [0;2m...[0m [0;1m([0;36m20[0;1m/[0;36m95[0;1m)[0m
       [0;2m...[0m [0;34mreal-double-abs-fail[0m [0;1m[[0;1;36mEXPECTED FAIL[0;1m][0m
  [0;1mMessage:[0m Floating point value missmatch
           expected 2.0000000000000000 but got 1.0000000000000000 (difference: 1.0000000000000000)
  Starting [0;34mreal-double-rel-fail[0m [0;2m...[0m [0;1m([0;36m21[0;1m/[0;36m95[0;1m)[0m
       [0;2m...[0m [0;34mreal-double-rel-fail[0m [0;1m[[0;1;36mEXPECTED FAIL[0;1m][0m
  [0;1mMessage:[0m Floating point value missmatch
           expected 1.5000000000000000 but got 1.0000000000000000 (difference: 33%)
  Starting [0;34mreal-double-abs-message[0m [0;2m...[0m [0;1m([0;36m22[0;1m/[0;36m95[0;1m)[0m
       [0;2m...[0m [0;34mreal-double-abs-message[0m [0;1m[[0;1;36mEXPECTED FAIL[0;1m][0m
  [0;1mMessage:[0m Actual value is not 1.5
  Starting [0;34mreal-double-nan-message[0m [0;2m...[0m [0;1m([0;36m23[0;1m/[0;36m95[0;1m)[0m
       [0;2m...[0m [0;34mreal-double-nan-message[0m [0;1m[[0;1;36mEXPECTED FAIL[0;1m][0m
  [0;1mMessage:[0m Actual value is not a number
  Starting [0;34mreal-xdouble-abs[0m [0;2m...[0m [0;1m([0;36m24[0;1m/[0;36m95[0;1m)[0m
       [0;2m...[0m [0;34mreal-xdouble-abs[0m [0;1m[[0;1;33mSKIPPED[0;1m][0m
  [0;1mMessage:[0m Extended double precision is not enabled
  Starting [0;34mreal-xdouble-rel[0m [0;2m...[0m [0;1m([0;36m25[0;1m/[0;36m95[0;1m)[0m
       [0;2m...[0m [0;34mreal-xdouble-rel[0m [0;1m[[0;1;33mSKIPPED[0;1m][0m
  [0;1mMessage:[0m Extended double precision is not enabled
  Starting [0;34mreal-xdouble-nan[0m [0;2m...[0m [0;1m([0;36m26[0;1m/[0;36m95[0;1m)[0m
       [0;2m...[0m [0;34mreal-xdouble-nan[0m [0;1m[[0;1;33mSKIPPED[0;1m][0m
  [0;1mMessage:[0m Extended double precision is not enabled
  Starting [0;34mreal-xdouble-abs-fail[0m [0;2m...[0m [0;1m([0;36m27[0;1m/[0;36m95[0;1m)[0m
       [0;2m...[0m [0;34mreal-xdouble-abs-fail[0m [0;1m[[0;1;33mSKIPPED[0;1m][0m
  [0;1mMessage:[0m Extended double precision is not enabled
  Starting [0;34mreal-xdouble-rel-fail[0m [0;2m...[0m [0;1m([0;36m28[0;1m/[0;36m95[0;1m)[0m
       [0;2m...[0m [0;34mreal-xdouble-rel-fail[0m [0;1m[[0;1;33mSKIPPED[0;1m][0m
  [0;1mMessage:[0m Extended double precision is not enabled
  Starting [0;34mreal-xdouble-abs-message[0m [0;2m...[0m [0;1m([0;36m29[0;1m/[0;36m95[0;1m)[0m
       [0;2m...[0m [0;34mreal-xdouble-abs-message[0m [0;1m[[0;1;33mSKIPPED[0;1m][0m
  [0;1mMessage:[0m Extended double precision is not enabled
  Starting [0;34mreal-xdouble-nan-message[0m [0;2m...[0m [0;1m([0;36m30[0;1m/[0;36m95[0;1m)[0m
       [0;2m...[0m [0;34mreal-xdouble-nan-message[0m [0;1m[[0;1;33mSKIPPED[0;1m][0m
  [0;1mMessage:[0m Extended double precision is not enabled
  Starting [0;34mreal-quadruple-abs[0m [0;2m...[0m [0;1m([0;36m31[0;1m/[0;36m95[0;1m)[0m
       [0;2m...[0m [0;34mreal-quadruple-abs[0m [0;1m[[0;1;33mSKIPPED[0;1m][0m
  [0;1mMessage:[0m Quadruple precision is not enabled
  Starting [0;34mreal-quadruple-rel[0m [0;2m...[0m [0;1m([0;36m32[0;1m/[0;36m95[0;1m)[0m
       [0;2m...[0m [0;34mreal-quadruple-rel[0m [0;1m[[0;1;33mSKIPPED[0;1m][0m
  [0;1mMessage:[0m Quadruple precision is not enabled
  Starting [0;34mreal-quadruple-nan[0m [0;2m...[0m [0;1m([0;36m33[0;1m/[0;36m95[0;1m)[0m
       [0;2m...[0m [0;34mreal-quadruple-nan[0m [0;1m[[0;1;33mSKIPPED[0;1m][0m
  [0;1mMessage:[0m Quadruple precision is not enabled
  Starting [0;34mreal-quadruple-abs-fail[0m [0;2m...[0m [0;1m([0;36m34[0;1m/[0;36m95[0;1m)[0m
       [0;2m...[0m [0;34mreal-quadruple-abs-fail[0m [0;1m[[0;1;33mSKIPPED[0;1m][0m
  [0;1mMessage:[0m Quadruple precision is not enabled
  Starting [0;34mreal-quadruple-rel-fail[0m [0;2m...[0m [0;1m([0;36m35[0;1m/[0;36m95[0;1m)[0m
       [0;2m...[0m [0;34mreal-quadruple-rel-fail[0m [0;1m[[0;1;33mSKIPPED[0;1m][0m
  [0;1mMessage:[0m Quadruple precision is not enabled
  Starting [0;34mreal-quadruple-abs-message[0m [0;2m...[0m [0;1m([0;36m36[0;1m/[0;36m95[0;1m)[0m
       [0;2m...[0m [0;34mreal-quadruple-abs-message[0m [0;1m[[0;1;33mSKIPPED[0;1m][0m
  [0;1mMessage:[0m Quadruple precision is not enabled
  Starting [0;34mreal-quadruple-nan-message[0m [0;2m...[0m [0;1m([0;36m37[0;1m/[0;36m95[0;1m)[0m
       [0;2m...[0m [0;34mreal-quadruple-nan-message[0m [0;1m[[0;1;33mSKIPPED[0;1m][0m
  [0;1mMessage:[0m Quadruple precision is not enabled
  Starting [0;34mcomplex-single-abs[0m [0;2m...[0m [0;1m([0;36m38[0;1m/[0;36m95[0;1m)[0m
       [0;2m...[0m [0;34mcomplex-single-abs[0m [0;1m[[0;1;32mPASSED[0;1m][0m
  Starting [0;34mcomplex-single-rel[0m [0;2m...[0m [0;1m([0;36m39[0;1m/[0;36m95[0;1m)[0m
       [0;2m...[0m [0;34mcomplex-single-rel[0m [0;1m[[0;1;32mPASSED[0;1m][0m
  Starting [0;34mcomplex-single-nan[0m [0;2m...[0m [0;1m([0;36m40[0;1m/[0;36m95[0;1m)[0m
       [0;2m...[0m [0;34mcomplex-single-nan[0m [0;1m[[0;1;36mEXPECTED FAIL[0;1m][0m
  [0;1mMessage:[0m Exceptional value 'not a number' found
  Starting [0;34mcomplex-single-abs-fail[0m [0;2m...[0m [0;1m([0;36m41[0;1m/[0;36m95[0;1m)[0m
       [0;2m...[0m [0;34mcomplex-single-abs-fail[0m [0;1m[[0;1;36mEXPECTED FAIL[0;1m][0m
  [0;1mMessage:[0m Floating point value missmatch
           expected (2.00000000, 1.00000000) but got (1.00000000, 2.00000000) (difference: 1.41421354)
  Starting [0;34mcomplex-single-rel-fail[0m [0;2m...[0m [0;1m([0;36m42[0;1m/[0;36m95[0;1m)[0m
       [0;2m...[0m [0;34mcomplex-single-rel-fail[0m [0;1m[[0;1;36mEXPECTED FAIL[0;1m][0m
  [0;1mMessage:[0m Floating point value missmatch
           expected (1.50000000, 1.00000000) but got (1.00000000, 1.50000000) (difference: 39%)
  Starting [0;34mcomplex-single-abs-message[0m [0;2m...[0m [0;1m([0;36m43[0;1m/[0;36m95[0;1m)[0m
       [0;2m...[0m [0;34mcomplex-single-abs-message[0m [0;1m[[0;1;36mEXPECTED FAIL[0;1m][0m
  [0;1mMessage:[0m Actual value is not 1.5+1.0i
  Starting [0;34mcomplex-single-nan-message[0m [0;2m...[0m [0;1m([0;36m44[0;1m/[0;36m95[0;1m)[0m
       [0;2m...[0m [0;34mcomplex-single-nan-message[0m [0;1m[[0;1;36mEXPECTED FAIL[0;1m][0m
  [0;1mMessage:[0m Actual value is not a number
  Starting [0;34mcomplex-double-abs[0m [0;2m...[0m [0;1m([0;36m45[0;1m/[0;36m95[0;1m)[0m
       [0;2m...[0m [0;34mcomplex-double-abs[0m [0;1m[[0;1;32mPASSED[0;1m][0m
  Starting [0;34mcomplex-double-rel[0m [0;2m...[0m [0;1m([0;36m46[0;1m/[0;36m95[0;1m)[0m
       [0;2m...[0m [0;34mcomplex-double-rel[0m [0;1m[[0;1;32mPASSED[0;1m][0m
  Starting [0;34mcomplex-double-nan[0m [0;2m...[0m [0;1m([0;36m47[0;1m/[0;36m95[0;1m)[0m
       [0;2m...[0m [0;34mcomplex-double-nan[0m [0;1m[[0;1;36mEXPECTED FAIL[0;1m][0m
  [0;1mMessage:[0m Exceptional value 'not a number' found
  Starting [0;34mcomplex-double-abs-fail[0m [0;2m...[0m [0;1m([0;36m48[0;1m/[0;36m95[0;1m)[0m
       [0;2m...[0m [0;34mcomplex-double-abs-fail[0m [0;1m[[0;1;36mEXPECTED FAIL[0;1m][0m
  [0;1mMessage:[0m Floating point value missmatch
           expected (2.0000000000000000, 1.0000000000000000) but got (1.0000000000000000, 2.0000000000000000) (difference: 1.4142135623730951)
  Starting [0;34mcomplex-double-rel-fail[0m [0;2m...[0m [0;1m([0;36m49[0;1m/[0;36m95[0;1m)[0m
       [0;2m...[0m [0;34mcomplex-double-rel-fail[0m [0;1m[[0;1;36mEXPECTED FAIL[0;1m][0m
  [0;1mMessage:[0m Floating point value missmatch
           expected (1.5000000000000000, 1.0000000000000000) but got (1.0000000000000000, 1.5000000000000000) (difference: 39%)
  Starting [0;34mcomplex-double-abs-message[0m [0;2m...[0m [0;1m([0;36m50[0;1m/[0;36m95[0;1m)[0m
       [0;2m...[0m [0;34mcomplex-double-abs-message[0m [0;1m[[0;1;36mEXPECTED FAIL[0;1m][0m
  [0;1mMessage:[0m Actual value is not 1.5+1.0i
  Starting [0;34mcomplex-double-nan-message[0m [0;2m...[0m [0;1m([0;36m51[0;1m/[0;36m95[0;1m)[0m
       [0;2m...[0m [0;34mcomplex-double-nan-message[0m [0;1m[[0;1;36mEXPECTED FAIL[0;1m][0m
  [0;1mMessage:[0m Actual value is not a number
  Starting [0;34mcomplex-xdouble-abs[0m [0;2m...[0m [0;1m([0;36m52[0;1m/[0;36m95[0;1m)[0m
       [0;2m...[0m [0;34mcomplex-xdouble-abs[0m [0;1m[[0;1;33mSKIPPED[0;1m][0m
  [0;1mMessage:[0m Extended double precision is not enabled
  Starting [0;34mcomplex-xdouble-rel[0m [0;2m...[0m [0;1m([0;36m53[0;1m/[0;36m95[0;1m)[0m
       [0;2m...[0m [0;34mcomplex-xdouble-rel[0m [0;1m[[0;1;33mSKIPPED[0;1m][0m
  [0;1mMessage:[0m Extended double precision is not enabled
  Starting [0;34mcomplex-xdouble-nan[0m [0;2m...[0m [0;1m([0;36m54[0;1m/[0;36m95[0;1m)[0m
       [0;2m...[0m [0;34mcomplex-xdouble-nan[0m [0;1m[[0;1;33mSKIPPED[0;1m][0m
  [0;1mMessage:[0m Extended double precision is not enabled
  Starting [0;34mcomplex-xdouble-abs-fail[0m [0;2m...[0m [0;1m([0;36m55[0;1m/[0;36m95[0;1m)[0m
       [0;2m...[0m [0;34mcomplex-xdouble-abs-fail[0m [0;1m[[0;1;33mSKIPPED[0;1m][0m
  [0;1mMessage:[0m Extended double precision is not enabled
  Starting [0;34mcomplex-xdouble-rel-fail[0m [0;2m...[0m [0;1m([0;36m56[0;1m/[0;36m95[0;1m)[0m
       [0;2m...[0m [0;34mcomplex-xdouble-rel-fail[0m [0;1m[[0;1;33mSKIPPED[0;1m][0m
  [0;1mMessage:[0m Extended double precision is not enabled
  Starting [0;34mcomplex-xdouble-abs-message[0m [0;2m...[0m [0;1m([0;36m57[0;1m/[0;36m95[0;1m)[0m
       [0;2m...[0m [0;34mcomplex-xdouble-abs-message[0m [0;1m[[0;1;33mSKIPPED[0;1m][0m
  [0;1mMessage:[0m Extended double precision is not enabled
  Starting [0;34mcomplex-xdouble-nan-message[0m [0;2m...[0m [0;1m([0;36m58[0;1m/[0;36m95[0;1m)[0m
       [0;2m...[0m [0;34mcomplex-xdouble-nan-message[0m [0;1m[[0;1;33mSKIPPED[0;1m][0m
  [0;1mMessage:[0m Extended double precision is not enabled
  Starting [0;34mcomplex-quadruple-abs[0m [0;2m...[0m [0;1m([0;36m59[0;1m/[0;36m95[0;1m)[0m
       [0;2m...[0m [0;34mcomplex-quadruple-abs[0m [0;1m[[0;1;33mSKIPPED[0;1m][0m
  [0;1mMessage:[0m Quadruple precision is not enabled
  Starting [0;34mcomplex-quadruple-rel[0m [0;2m...[0m [0;1m([0;36m60[0;1m/[0;36m95[0;1m)[0m
       [0;2m...[0m [0;34mcomplex-quadruple-rel[0m [0;1m[[0;1;33mSKIPPED[0;1m][0m
  [0;1mMessage:[0m Quadruple precision is not enabled
  Starting [0;34mcomplex-quadruple-nan[0m [0;2m...[0m [0;1m([0;36m61[0;1m/[0;36m95[0;1m)[0m
       [0;2m...[0m [0;34mcomplex-quadruple-nan[0m [0;1m[[0;1;33mSKIPPED[0;1m][0m
  [0;1mMessage:[0m Quadruple precision is not enabled
  Starting [0;34mcomplex-quadruple-abs-fail[0m [0;2m...[0m [0;1m([0;36m62[0;1m/[0;36m95[0;1m)[0m
       [0;2m...[0m [0;34mcomplex-quadruple-abs-fail[0m [0;1m[[0;1;33mSKIPPED[0;1m][0m
  [0;1mMessage:[0m Quadruple precision is not enabled
  Starting [0;34mcomplex-quadruple-rel-fail[0m [0;2m...[0m [0;1m([0;36m63[0;1m/[0;36m95[0;1m)[0m
       [0;2m...[0m [0;34mcomplex-quadruple-rel-fail[0m [0;1m[[0;1;33mSKIPPED[0;1m][0m
  [0;1mMessage:[0m Quadruple precision is not enabled
  Starting [0;34mcomplex-quadruple-abs-message[0m [0;2m...[0m [0;1m([0;36m64[0;1m/[0;36m95[0;1m)[0m
       [0;2m...[0m [0;34mcomplex-quadruple-abs-message[0m [0;1m[[0;1;33mSKIPPED[0;1m][0m
  [0;1mMessage:[0m Quadruple precision is not enabled
  Starting [0;34mcomplex-quadruple-nan-message[0m [0;2m...[0m [0;1m([0;36m65[0;1m/[0;36m95[0;1m)[0m
       [0;2m...[0m [0;34mcomplex-quadruple-nan-message[0m [0;1m[[0;1;33mSKIPPED[0;1m][0m
  [0;1mMessage:[0m Quadruple precision is not enabled
  Starting [0;34minteger-char[0m [0;2m...[0m [0;1m([0;36m66[0;1m/[0;36m95[0;1m)[0m
       [0;2m...[0m [0;34minteger-char[0m [0;1m[[0;1;32mPASSED[0;1m][0m
  Starting [0;34minteger-char-fail[0m [0;2m...[0m [0;1m([0;36m67[0;1m/[0;36m95[0;1m)[0m
       [0;2m...[0m [0;34minteger-char-fail[0m [0;1m[[0;1;36mEXPECTED FAIL[0;1m][0m
  [0;1mMessage:[0m Integer value missmatch
           expected -4 but got 3
  Starting [0;34minteger-char-message[0m [0;2m...[0m [0;1m([0;36m68[0;1m/[0;36m95[0;1m)[0m
       [0;2m...[0m [0;34minteger-char-message[0m [0;1m[[0;1;36mEXPECTED FAIL[0;1m][0m
  [0;1mMessage:[0m Actual value is not seven
  Starting [0;34minteger-char-with-more[0m [0;2m...[0m [0;1m([0;36m69[0;1m/[0;36m95[0;1m)[0m
       [0;2m...[0m [0;34minteger-char-with-more[0m [0;1m[[0;1;36mEXPECTED FAIL[0;1m][0m
  [0;1mMessage:[0m Integer value missmatch
           expected 3 but got 0
           with an additional descriptive message here
  Starting [0;34minteger-short[0m [0;2m...[0m [0;1m([0;36m70[0;1m/[0;36m95[0;1m)[0m
       [0;2m...[0m [0;34minteger-short[0m [0;1m[[0;1;32mPASSED[0;1m][0m
  Starting [0;34minteger-short-fail[0m [0;2m...[0m [0;1m([0;36m71[0;1m/[0;36m95[0;1m)[0m
       [0;2m...[0m [0;34minteger-short-fail[0m [0;1m[[0;1;36mEXPECTED FAIL[0;1m][0m
  [0;1mMessage:[0m Integer value missmatch
           expected -4 but got 3
  Starting [0;34minteger-short-message[0m [0;2m...[0m [0;1m([0;36m72[0;1m/[0;36m95[0;1m)[0m
       [0;2m...[0m [0;34minteger-short-message[0m [0;1m[[0;1;36mEXPECTED FAIL[0;1m][0m
  [0;1mMessage:[0m Actual value is not seven
  Starting [0;34minteger-short-with-more[0m [0;2m...[0m [0;1m([0;36m73[0;1m/[0;36m95[0;1m)[0m
       [0;2m...[0m [0;34minteger-short-with-more[0m [0;1m[[0;1;36mEXPECTED FAIL[0;1m][0m
  [0;1mMessage:[0m Integer value missmatch
           expected 3 but got 0
           with an additional descriptive message here
  Starting [0;34minteger-default[0m [0;2m...[0m [0;1m([0;36m74[0;1m/[0;36m95[0;1m)[0m
       [0;2m...[0m [0;34minteger-default[0m [0;1m[[0;1;32mPASSED[0;1m][0m
  Starting [0;34minteger-default-fail[0m [0;2m...[0m [0;1m([0;36m75[0;1m/[0;36m95[0;1m)[0m
       [0;2m...[0m [0;34minteger-default-fail[0m [0;1m[[0;1;36mEXPECTED FAIL[0;1m][0m
  [0;1mMessage:[0m Integer value missmatch
           expected -4 but got 3
  Starting [0;34minteger-default-message[0m [0;2m...[0m [0;1m([0;36m76[0;1m/[0;36m95[0;1m)[0m
       [0;2m...[0m [0;34minteger-default-message[0m [0;1m[[0;1;36mEXPECTED FAIL[0;1m][0m
  [0;1mMessage:[0m Actual value is not seven
  Starting [0;34minteger-default-with-more[0m [0;2m...[0m [0;1m([0;36m77[0;1m/[0;36m95[0;1m)[0m
       [0;2m...[0m [0;34minteger-default-with-more[0m [0;1m[[0;1;36mEXPECTED FAIL[0;1m][0m
  [0;1mMessage:[0m Integer value missmatch
           expected 3 but got 0
           with an additional descriptive message here
  Starting [0;34minteger-long[0m [0;2m...[0m [0;1m([0;36m78[0;1m/[0;36m95[0;1m)[0m
       [0;2m...[0m [0;34minteger-long[0m [0;1m[[0;1;32mPASSED[0;1m][0m
  Starting [0;34minteger-long-fail[0m [0;2m...[0m [0;1m([0;36m79[0;1m/[0;36m95[0;1m)[0m
       [0;2m...[0m [0;34minteger-long-fail[0m [0;1m[[0;1;36mEXPECTED FAIL[0;1m][0m
  [0;1mMessage:[0m Integer value missmatch
           expected -4 but got 3
  Starting [0;34minteger-long-message[0m [0;2m...[0m [0;1m([0;36m80[0;1m/[0;36m95[0;1m)[0m
       [0;2m...[0m [0;34minteger-long-message[0m [0;1m[[0;1;36mEXPECTED FAIL[0;1m][0m
  [0;1mMessage:[0m Actual value is not seven
  Starting [0;34minteger-long-with-more[0m [0;2m...[0m [0;1m([0;36m81[0;1m/[0;36m95[0;1m)[0m
       [0;2m...[0m [0;34minteger-long-with-more[0m [0;1m[[0;1;36mEXPECTED FAIL[0;1m][0m
  [0;1mMessage:[0m Integer value missmatch
           expected 3 but got 0
           with an additional descriptive message here
  Starting [0;34mlogical-default-true[0m [0;2m...[0m [0;1m([0;36m82[0;1m/[0;36m95[0;1m)[0m
       [0;2m...[0m [0;34mlogical-default-true[0m [0;1m[[0;1;32mPASSED[0;1m][0m
  Starting [0;34mlogical-default-false[0m [0;2m...[0m [0;1m([0;36m83[0;1m/[0;36m95[0;1m)[0m
       [0;2m...[0m [0;34mlogical-default-false[0m [0;1m[[0;1;32mPASSED[0;1m][0m
  Starting [0;34mlogical-default-fail[0m [0;2m...[0m [0;1m([0;36m84[0;1m/[0;36m95[0;1m)[0m
       [0;2m...[0m [0;34mlogical-default-fail[0m [0;1m[[0;1;36mEXPECTED FAIL[0;1m][0m
  [0;1mMessage:[0m Logical value missmatch
           expected F but got T
  Starting [0;34mlogical-default-message[0m [0;2m...[0m [0;1m([0;36m85[0;1m/[0;36m95[0;1m)[0m
       [0;2m...[0m [0;34mlogical-default-message[0m [0;1m[[0;1;36mEXPECTED FAIL[0;1m][0m
  [0;1mMessage:[0m Logical value is not true
  Starting [0;34mlogical-default-with-more[0m [0;2m...[0m [0;1m([0;36m86[0;1m/[0;36m95[0;1m)[0m
       [0;2m...[0m [0;34mlogical-default-with-more[0m [0;1m[[0;1;36mEXPECTED FAIL[0;1m][0m
  [0;1mMessage:[0m Logical value missmatch
           expected F but got T
           with an additional descriptive message
  Starting [0;34mcharacter[0m [0;2m...[0m [0;1m([0;36m87[0;1m/[0;36m95[0;1m)[0m
       [0;2m...[0m [0;34mcharacter[0m [0;1m[[0;1;32mPASSED[0;1m][0m
  Starting [0;34mcharacter-fail[0m [0;2m...[0m [0;1m([0;36m88[0;1m/[0;36m95[0;1m)[0m
       [0;2m...[0m [0;34mcharacter-fail[0m [0;1m[[0;1;36mEXPECTED FAIL[0;1m][0m
  [0;1mMessage:[0m Character value missmatch
           expected 'negative' but got 'positive'
  Starting [0;34mcharacter-message[0m [0;2m...[0m [0;1m([0;36m89[0;1m/[0;36m95[0;1m)[0m
       [0;2m...[0m [0;34mcharacter-message[0m [0;1m[[0;1;36mEXPECTED FAIL[0;1m][0m
  [0;1mMessage:[0m Character string should be negative
  Starting [0;34mcharacter-with-more[0m [0;2m...[0m [0;1m([0;36m90[0;1m/[0;36m95[0;1m)[0m
       [0;2m...[0m [0;34mcharacter-with-more[0m [0;1m[[0;1;36mEXPECTED FAIL[0;1m][0m
  [0;1mMessage:[0m Character value missmatch
           expected 'negative' but got 'positive'
           with an additional descriptive message
  Starting [0;34mcharacter-with-more[0m [0;2m...[0m [0;1m([0;36m91[0;1m/[0;36m95[0;1m)[0m
       [0;2m...[0m [0;34mcharacter-with-more[0m [0;1m[[0;1;36mEXPECTED FAIL[0;1m][0m
  [0;1mMessage:[0m Character value missmatch
           expected 'negative' but got 'positive'
           with an additional descriptive message
  Starting [0;34mstring-i1[0m [0;2m...[0m [0;1m([0;36m92[0;1m/[0;36m95[0;1m)[0m
       [0;2m...[0m [0;34mstring-i1[0m [0;1m[[0;1;32mPASSED[0;1m][0m
  Starting [0;34mstring-i2[0m [0;2m...[0m [0;1m([0;36m93[0;1m/[0;36m95[0;1m)[0m
       [0;2m...[0m [0;34mstring-i2[0m [0;1m[[0;1;32mPASSED[0;1m][0m
  Starting [0;34mstring-i4[0m [0;2m...[0m [0;1m([0;36m94[0;1m/[0;36m95[0;1m)[0m
       [0;2m...[0m [0;34mstring-i4[0m [0;1m[[0;1;32mPASSED[0;1m][0m
  Starting [0;34mstring-i8[0m [0;2m...[0m [0;1m([0;36m95[0;1m/[0;36m95[0;1m)[0m
       [0;2m...[0m [0;34mstring-i8[0m [0;1m[[0;1;32mPASSED[0;1m][0m
# Testing: select
  Starting [0;34malways-pass[0m [0;2m...[0m [0;1m([0;36m1[0;1m/[0;36m6[0;1m)[0m
       [0;2m...[0m [0;34malways-pass[0m [0;1m[[0;1;32mPASSED[0;1m][0m
  Starting [0;34malways-fail[0m [0;2m...[0m [0;1m([0;36m2[0;1m/[0;36m6[0;1m)[0m
       [0;2m...[0m [0;34malways-fail[0m [0;1m[[0;1;36mEXPECTED FAIL[0;1m][0m
  [0;1mMessage:[0m Always failing test
  Starting [0;34mrun-good-suite[0m [0;2m...[0m [0;1m([0;36m3[0;1m/[0;36m6[0;1m)[0m
       [0;2m...[0m [0;34mrun-good-suite[0m [0;1m[[0;1;32mPASSED[0;1m][0m
  Starting [0;34mrun-bad-suite[0m [0;2m...[0m [0;1m([0;36m4[0;1m/[0;36m6[0;1m)[0m
       [0;2m...[0m [0;34mrun-bad-suite[0m [0;1m[[0;1;32mPASSED[0;1m][0m
  Starting [0;34mrun-selected[0m [0;2m...[0m [0;1m([0;36m5[0;1m/[0;36m6[0;1m)[0m
       [0;2m...[0m [0;34mrun-selected[0m [0;1m[[0;1;32mPASSED[0;1m][0m
  Starting [0;34mselect-missing[0m [0;2m...[0m [0;1m([0;36m6[0;1m/[0;36m6[0;1m)[0m
       [0;2m...[0m [0;34mselect-missing[0m [0;1m[[0;1;32mPASSED[0;1m][0m
<end of output>
Test time =   0.00 sec
----------------------------------------------------------
Test Passed.
"test-drive/all-tests" end time: Apr 14 21:48 UTC
"test-drive/all-tests" time elapsed: 00:00:00
----------------------------------------------------------

2/26 Testing: test-drive/check
2/26 Test: test-drive/check
Command: "/home/runner/work/pic/pic/build_default/_deps/test-drive-build/test/test-drive-tester" "check"
Directory: /home/runner/work/pic/pic/build_default/_deps/test-drive-build/test
"test-drive/check" start time: Apr 14 21:48 UTC
Output:
----------------------------------------------------------
# Testing: check
  Starting [0;34msuccess[0m [0;2m...[0m [0;1m([0;36m1[0;1m/[0;36m95[0;1m)[0m
       [0;2m...[0m [0;34msuccess[0m [0;1m[[0;1;32mPASSED[0;1m][0m
  Starting [0;34mfailure[0m [0;2m...[0m [0;1m([0;36m2[0;1m/[0;36m95[0;1m)[0m
       [0;2m...[0m [0;34mfailure[0m [0;1m[[0;1;36mEXPECTED FAIL[0;1m][0m
  [0;1mMessage:[0m Non-zero exit code encountered
  Starting [0;34mfailure-message[0m [0;2m...[0m [0;1m([0;36m3[0;1m/[0;36m95[0;1m)[0m
       [0;2m...[0m [0;34mfailure-message[0m [0;1m[[0;1;36mEXPECTED FAIL[0;1m][0m
  [0;1mMessage:[0m Custom message describing the error
  Starting [0;34mfailure-with-more[0m [0;2m...[0m [0;1m([0;36m4[0;1m/[0;36m95[0;1m)[0m
       [0;2m...[0m [0;34mfailure-with-more[0m [0;1m[[0;1;36mEXPECTED FAIL[0;1m][0m
  [0;1mMessage:[0m Non-zero exit code encountered
           with an additional descriptive message here
  Starting [0;34mskipped[0m [0;2m...[0m [0;1m([0;36m5[0;1m/[0;36m95[0;1m)[0m
       [0;2m...[0m [0;34mskipped[0m [0;1m[[0;1;33mSKIPPED[0;1m][0m
  [0;1mMessage:[0m This test is always skipped
  Starting [0;34mexpression[0m [0;2m...[0m [0;1m([0;36m6[0;1m/[0;36m95[0;1m)[0m
       [0;2m...[0m [0;34mexpression[0m [0;1m[[0;1;32mPASSED[0;1m][0m
  Starting [0;34mexpression-fail[0m [0;2m...[0m [0;1m([0;36m7[0;1m/[0;36m95[0;1m)[0m
       [0;2m...[0m [0;34mexpression-fail[0m [0;1m[[0;1;36mEXPECTED FAIL[0;1m][0m
  [0;1mMessage:[0m Condition not fullfilled
  Starting [0;34mexpression-message[0m [0;2m...[0m [0;1m([0;36m8[0;1m/[0;36m95[0;1m)[0m
       [0;2m...[0m [0;34mexpression-message[0m [0;1m[[0;1;36mEXPECTED FAIL[0;1m][0m
  [0;1mMessage:[0m index("info!", "!") == 0
  Starting [0;34mexpression-with-more[0m [0;2m...[0m [0;1m([0;36m9[0;1m/[0;36m95[0;1m)[0m
       [0;2m...[0m [0;34mexpression-with-more[0m [0;1m[[0;1;36mEXPECTED FAIL[0;1m][0m
  [0;1mMessage:[0m Condition not fullfilled
           index("info!", "?")
  Starting [0;34mreal-single-abs[0m [0;2m...[0m [0;1m([0;36m10[0;1m/[0;36m95[0;1m)[0m
       [0;2m...[0m [0;34mreal-single-abs[0m [0;1m[[0;1;32mPASSED[0;1m][0m
  Starting [0;34mreal-single-rel[0m [0;2m...[0m [0;1m([0;36m11[0;1m/[0;36m95[0;1m)[0m
       [0;2m...[0m [0;34mreal-single-rel[0m [0;1m[[0;1;32mPASSED[0;1m][0m
  Starting [0;34mreal-single-nan[0m [0;2m...[0m [0;1m([0;36m12[0;1m/[0;36m95[0;1m)[0m
       [0;2m...[0m [0;34mreal-single-nan[0m [0;1m[[0;1;36mEXPECTED FAIL[0;1m][0m
  [0;1mMessage:[0m Exceptional value 'not a number' found
  Starting [0;34mreal-single-abs-fail[0m [0;2m...[0m [0;1m([0;36m13[0;1m/[0;36m95[0;1m)[0m
       [0;2m...[0m [0;34mreal-single-abs-fail[0m [0;1m[[0;1;36mEXPECTED FAIL[0;1m][0m
  [0;1mMessage:[0m Floating point value missmatch
           expected 2.00000000 but got 1.00000000 (difference: 1.00000000)
  Starting [0;34mreal-single-rel-fail[0m [0;2m...[0m [0;1m([0;36m14[0;1m/[0;36m95[0;1m)[0m
       [0;2m...[0m [0;34mreal-single-rel-fail[0m [0;1m[[0;1;36mEXPECTED FAIL[0;1m][0m
  [0;1mMessage:[0m Floating point value missmatch
           expected 1.50000000 but got 1.00000000 (difference: 33%)
  Starting [0;34mreal-single-abs-message[0m [0;2m...[0m [0;1m([0;36m15[0;1m/[0;36m95[0;1m)[0m
       [0;2m...[0m [0;34mreal-single-abs-message[0m [0;1m[[0;1;36mEXPECTED FAIL[0;1m][0m
  [0;1mMessage:[0m Actual value is not 1.5
  Starting [0;34mreal-single-nan-message[0m [0;2m...[0m [0;1m([0;36m16[0;1m/[0;36m95[0;1m)[0m
       [0;2m...[0m [0;34mreal-single-nan-message[0m [0;1m[[0;1;36mEXPECTED FAIL[0;1m][0m
  [0;1mMessage:[0m Actual value is not a number
  Starting [0;34mreal-double-abs[0m [0;2m...[0m [0;1m([0;36m17[0;1m/[0;36m95[0;1m)[0m
       [0;2m...[0m [0;34mreal-double-abs[0m [0;1m[[0;1;32mPASSED[0;1m][0m
  Starting [0;34mreal-double-rel[0m [0;2m...[0m [0;1m([0;36m18[0;1m/[0;36m95[0;1m)[0m
       [0;2m...[0m [0;34mreal-double-rel[0m [0;1m[[0;1;32mPASSED[0;1m][0m
  Starting [0;34mreal-double-nan[0m [0;2m...[0m [0;1m([0;36m19[0;1m/[0;36m95[0;1m)[0m
       [0;2m...[0m [0;34mreal-double-nan[0m [0;1m[[0;1;36mEXPECTED FAIL[0;1m][0m
  [0;1mMessage:[0m Exceptional value 'not a number' found
  Starting [0;34mreal-double-abs-fail[0m [0;2m...[0m [0;1m([0;36m20[0;1m/[0;36m95[0;1m)[0m
       [0;2m...[0m [0;34mreal-double-abs-fail[0m [0;1m[[0;1;36mEXPECTED FAIL[0;1m][0m
  [0;1mMessage:[0m Floating point value missmatch
           expected 2.0000000000000000 but got 1.0000000000000000 (difference: 1.0000000000000000)
  Starting [0;34mreal-double-rel-fail[0m [0;2m...[0m [0;1m([0;36m21[0;1m/[0;36m95[0;1m)[0m
       [0;2m...[0m [0;34mreal-double-rel-fail[0m [0;1m[[0;1;36mEXPECTED FAIL[0;1m][0m
  [0;1mMessage:[0m Floating point value missmatch
           expected 1.5000000000000000 but got 1.0000000000000000 (difference: 33%)
  Starting [0;34mreal-double-abs-message[0m [0;2m...[0m [0;1m([0;36m22[0;1m/[0;36m95[0;1m)[0m
       [0;2m...[0m [0;34mreal-double-abs-message[0m [0;1m[[0;1;36mEXPECTED FAIL[0;1m][0m
  [0;1mMessage:[0m Actual value is not 1.5
  Starting [0;34mreal-double-nan-message[0m [0;2m...[0m [0;1m([0;36m23[0;1m/[0;36m95[0;1m)[0m
       [0;2m...[0m [0;34mreal-double-nan-message[0m [0;1m[[0;1;36mEXPECTED FAIL[0;1m][0m
  [0;1mMessage:[0m Actual value is not a number
  Starting [0;34mreal-xdouble-abs[0m [0;2m...[0m [0;1m([0;36m24[0;1m/[0;36m95[0;1m)[0m
       [0;2m...[0m [0;34mreal-xdouble-abs[0m [0;1m[[0;1;33mSKIPPED[0;1m][0m
  [0;1mMessage:[0m Extended double precision is not enabled
  Starting [0;34mreal-xdouble-rel[0m [0;2m...[0m [0;1m([0;36m25[0;1m/[0;36m95[0;1m)[0m
       [0;2m...[0m [0;34mreal-xdouble-rel[0m [0;1m[[0;1;33mSKIPPED[0;1m][0m
  [0;1mMessage:[0m Extended double precision is not enabled
  Starting [0;34mreal-xdouble-nan[0m [0;2m...[0m [0;1m([0;36m26[0;1m/[0;36m95[0;1m)[0m
       [0;2m...[0m [0;34mreal-xdouble-nan[0m [0;1m[[0;1;33mSKIPPED[0;1m][0m
  [0;1mMessage:[0m Extended double precision is not enabled
  Starting [0;34mreal-xdouble-abs-fail[0m [0;2m...[0m [0;1m([0;36m27[0;1m/[0;36m95[0;1m)[0m
       [0;2m...[0m [0;34mreal-xdouble-abs-fail[0m [0;1m[[0;1;33mSKIPPED[0;1m][0m
  [0;1mMessage:[0m Extended double precision is not enabled
  Starting [0;34mreal-xdouble-rel-fail[0m [0;2m...[0m [0;1m([0;36m28[0;1m/[0;36m95[0;1m)[0m
       [0;2m...[0m [0;34mreal-xdouble-rel-fail[0m [0;1m[[0;1;33mSKIPPED[0;1m][0m
  [0;1mMessage:[0m Extended double precision is not enabled
  Starting [0;34mreal-xdouble-abs-message[0m [0;2m...[0m [0;1m([0;36m29[0;1m/[0;36m95[0;1m)[0m
       [0;2m...[0m [0;34mreal-xdouble-abs-message[0m [0;1m[[0;1;33mSKIPPED[0;1m][0m
  [0;1mMessage:[0m Extended double precision is not enabled
  Starting [0;34mreal-xdouble-nan-message[0m [0;2m...[0m [0;1m([0;36m30[0;1m/[0;36m95[0;1m)[0m
       [0;2m...[0m [0;34mreal-xdouble-nan-message[0m [0;1m[[0;1;33mSKIPPED[0;1m][0m
  [0;1mMessage:[0m Extended double precision is not enabled
  Starting [0;34mreal-quadruple-abs[0m [0;2m...[0m [0;1m([0;36m31[0;1m/[0;36m95[0;1m)[0m
       [0;2m...[0m [0;34mreal-quadruple-abs[0m [0;1m[[0;1;33mSKIPPED[0;1m][0m
  [0;1mMessage:[0m Quadruple precision is not enabled
  Starting [0;34mreal-quadruple-rel[0m [0;2m...[0m [0;1m([0;36m32[0;1m/[0;36m95[0;1m)[0m
       [0;2m...[0m [0;34mreal-quadruple-rel[0m [0;1m[[0;1;33mSKIPPED[0;1m][0m
  [0;1mMessage:[0m Quadruple precision is not enabled
  Starting [0;34mreal-quadruple-nan[0m [0;2m...[0m [0;1m([0;36m33[0;1m/[0;36m95[0;1m)[0m
       [0;2m...[0m [0;34mreal-quadruple-nan[0m [0;1m[[0;1;33mSKIPPED[0;1m][0m
  [0;1mMessage:[0m Quadruple precision is not enabled
  Starting [0;34mreal-quadruple-abs-fail[0m [0;2m...[0m [0;1m([0;36m34[0;1m/[0;36m95[0;1m)[0m
       [0;2m...[0m [0;34mreal-quadruple-abs-fail[0m [0;1m[[0;1;33mSKIPPED[0;1m][0m
  [0;1mMessage:[0m Quadruple precision is not enabled
  Starting [0;34mreal-quadruple-rel-fail[0m [0;2m...[0m [0;1m([0;36m35[0;1m/[0;36m95[0;1m)[0m
       [0;2m...[0m [0;34mreal-quadruple-rel-fail[0m [0;1m[[0;1;33mSKIPPED[0;1m][0m
  [0;1mMessage:[0m Quadruple precision is not enabled
  Starting [0;34mreal-quadruple-abs-message[0m [0;2m...[0m [0;1m([0;36m36[0;1m/[0;36m95[0;1m)[0m
       [0;2m...[0m [0;34mreal-quadruple-abs-message[0m [0;1m[[0;1;33mSKIPPED[0;1m][0m
  [0;1mMessage:[0m Quadruple precision is not enabled
  Starting [0;34mreal-quadruple-nan-message[0m [0;2m...[0m [0;1m([0;36m37[0;1m/[0;36m95[0;1m)[0m
       [0;2m...[0m [0;34mreal-quadruple-nan-message[0m [0;1m[[0;1;33mSKIPPED[0;1m][0m
  [0;1mMessage:[0m Quadruple precision is not enabled
  Starting [0;34mcomplex-single-abs[0m [0;2m...[0m [0;1m([0;36m38[0;1m/[0;36m95[0;1m)[0m
       [0;2m...[0m [0;34mcomplex-single-abs[0m [0;1m[[0;1;32mPASSED[0;1m][0m
  Starting [0;34mcomplex-single-rel[0m [0;2m...[0m [0;1m([0;36m39[0;1m/[0;36m95[0;1m)[0m
       [0;2m...[0m [0;34mcomplex-single-rel[0m [0;1m[[0;1;32mPASSED[0;1m][0m
  Starting [0;34mcomplex-single-nan[0m [0;2m...[0m [0;1m([0;36m40[0;1m/[0;36m95[0;1m)[0m
       [0;2m...[0m [0;34mcomplex-single-nan[0m [0;1m[[0;1;36mEXPECTED FAIL[0;1m][0m
  [0;1mMessage:[0m Exceptional value 'not a number' found
  Starting [0;34mcomplex-single-abs-fail[0m [0;2m...[0m [0;1m([0;36m41[0;1m/[0;36m95[0;1m)[0m
       [0;2m...[0m [0;34mcomplex-single-abs-fail[0m [0;1m[[0;1;36mEXPECTED FAIL[0;1m][0m
  [0;1mMessage:[0m Floating point value missmatch
           expected (2.00000000, 1.00000000) but got (1.00000000, 2.00000000) (difference: 1.41421354)
  Starting [0;34mcomplex-single-rel-fail[0m [0;2m...[0m [0;1m([0;36m42[0;1m/[0;36m95[0;1m)[0m
       [0;2m...[0m [0;34mcomplex-single-rel-fail[0m [0;1m[[0;1;36mEXPECTED FAIL[0;1m][0m
  [0;1mMessage:[0m Floating point value missmatch
           expected (1.50000000, 1.00000000) but got (1.00000000, 1.50000000) (difference: 39%)
  Starting [0;34mcomplex-single-abs-message[0m [0;2m...[0m [0;1m([0;36m43[0;1m/[0;36m95[0;1m)[0m
       [0;2m...[0m [0;34mcomplex-single-abs-message[0m [0;1m[[0;1;36mEXPECTED FAIL[0;1m][0m
  [0;1mMessage:[0m Actual value is not 1.5+1.0i
  Starting [0;34mcomplex-single-nan-message[0m [0;2m...[0m [0;1m([0;36m44[0;1m/[0;36m95[0;1m)[0m
       [0;2m...[0m [0;34mcomplex-single-nan-message[0m [0;1m[[0;1;36mEXPECTED FAIL[0;1m][0m
  [0;1mMessage:[0m Actual value is not a number
  Starting [0;34mcomplex-double-abs[0m [0;2m...[0m [0;1m([0;36m45[0;1m/[0;36m95[0;1m)[0m
       [0;2m...[0m [0;34mcomplex-double-abs[0m [0;1m[[0;1;32mPASSED[0;1m][0m
  Starting [0;34mcomplex-double-rel[0m [0;2m...[0m [0;1m([0;36m46[0;1m/[0;36m95[0;1m)[0m
       [0;2m...[0m [0;34mcomplex-double-rel[0m [0;1m[[0;1;32mPASSED[0;1m][0m
  Starting [0;34mcomplex-double-nan[0m [0;2m...[0m [0;1m([0;36m47[0;1m/[0;36m95[0;1m)[0m
       [0;2m...[0m [0;34mcomplex-double-nan[0m [0;1m[[0;1;36mEXPECTED FAIL[0;1m][0m
  [0;1mMessage:[0m Exceptional value 'not a number' found
  Starting [0;34mcomplex-double-abs-fail[0m [0;2m...[0m [0;1m([0;36m48[0;1m/[0;36m95[0;1m)[0m
       [0;2m...[0m [0;34mcomplex-double-abs-fail[0m [0;1m[[0;1;36mEXPECTED FAIL[0;1m][0m
  [0;1mMessage:[0m Floating point value missmatch
           expected (2.0000000000000000, 1.0000000000000000) but got (1.0000000000000000, 2.0000000000000000) (difference: 1.4142135623730951)
  Starting [0;34mcomplex-double-rel-fail[0m [0;2m...[0m [0;1m([0;36m49[0;1m/[0;36m95[0;1m)[0m
       [0;2m...[0m [0;34mcomplex-double-rel-fail[0m [0;1m[[0;1;36mEXPECTED FAIL[0;1m][0m
  [0;1mMessage:[0m Floating point value missmatch
           expected (1.5000000000000000, 1.0000000000000000) but got (1.0000000000000000, 1.5000000000000000) (difference: 39%)
  Starting [0;34mcomplex-double-abs-message[0m [0;2m...[0m [0;1m([0;36m50[0;1m/[0;36m95[0;1m)[0m
       [0;2m...[0m [0;34mcomplex-double-abs-message[0m [0;1m[[0;1;36mEXPECTED FAIL[0;1m][0m
  [0;1mMessage:[0m Actual value is not 1.5+1.0i
  Starting [0;34mcomplex-double-nan-message[0m [0;2m...[0m [0;1m([0;36m51[0;1m/[0;36m95[0;1m)[0m
       [0;2m...[0m [0;34mcomplex-double-nan-message[0m [0;1m[[0;1;36mEXPECTED FAIL[0;1m][0m
  [0;1mMessage:[0m Actual value is not a number
  Starting [0;34mcomplex-xdouble-abs[0m [0;2m...[0m [0;1m([0;36m52[0;1m/[0;36m95[0;1m)[0m
       [0;2m...[0m [0;34mcomplex-xdouble-abs[0m [0;1m[[0;1;33mSKIPPED[0;1m][0m
  [0;1mMessage:[0m Extended double precision is not enabled
  Starting [0;34mcomplex-xdouble-rel[0m [0;2m...[0m [0;1m([0;36m53[0;1m/[0;36m95[0;1m)[0m
       [0;2m...[0m [0;34mcomplex-xdouble-rel[0m [0;1m[[0;1;33mSKIPPED[0;1m][0m
  [0;1mMessage:[0m Extended double precision is not enabled
  Starting [0;34mcomplex-xdouble-nan[0m [0;2m...[0m [0;1m([0;36m54[0;1m/[0;36m95[0;1m)[0m
       [0;2m...[0m [0;34mcomplex-xdouble-nan[0m [0;1m[[0;1;33mSKIPPED[0;1m][0m
  [0;1mMessage:[0m Extended double precision is not enabled
  Starting [0;34mcomplex-xdouble-abs-fail[0m [0;2m...[0m [0;1m([0;36m55[0;1m/[0;36m95[0;1m)[0m
       [0;2m...[0m [0;34mcomplex-xdouble-abs-fail[0m [0;1m[[0;1;33mSKIPPED[0;1m][0m
  [0;1mMessage:[0m Extended double precision is not enabled
  Starting [0;34mcomplex-xdouble-rel-fail[0m [0;2m...[0m [0;1m([0;36m56[0;1m/[0;36m95[0;1m)[0m
       [0;2m...[0m [0;34mcomplex-xdouble-rel-fail[0m [0;1m[[0;1;33mSKIPPED[0;1m][0m
  [0;1mMessage:[0m Extended double precision is not enabled
  Starting [0;34mcomplex-xdouble-abs-message[0m [0;2m...[0m [0;1m([0;36m57[0;1m/[0;36m95[0;1m)[0m
       [0;2m...[0m [0;34mcomplex-xdouble-abs-message[0m [0;1m[[0;1;33mSKIPPED[0;1m][0m
  [0;1mMessage:[0m Extended double precision is not enabled
  Starting [0;34mcomplex-xdouble-nan-message[0m [0;2m...[0m [0;1m([0;36m58[0;1m/[0;36m95[0;1m)[0m
       [0;2m...[0m [0;34mcomplex-xdouble-nan-message[0m [0;1m[[0;1;33mSKIPPED[0;1m][0m
  [0;1mMessage:[0m Extended double precision is not enabled
  Starting [0;34mcomplex-quadruple-abs[0m [0;2m...[0m [0;1m([0;36m59[0;1m/[0;36m95[0;1m)[0m
       [0;2m...[0m [0;34mcomplex-quadruple-abs[0m [0;1m[[0;1;33mSKIPPED[0;1m][0m
  [0;1mMessage:[0m Quadruple precision is not enabled
  Starting [0;34mcomplex-quadruple-rel[0m [0;2m...[0m [0;1m([0;36m60[0;1m/[0;36m95[0;1m)[0m
       [0;2m...[0m [0;34mcomplex-quadruple-rel[0m [0;1m[[0;1;33mSKIPPED[0;1m][0m
  [0;1mMessage:[0m Quadruple precision is not enabled
  Starting [0;34mcomplex-quadruple-nan[0m [0;2m...[0m [0;1m([0;36m61[0;1m/[0;36m95[0;1m)[0m
       [0;2m...[0m [0;34mcomplex-quadruple-nan[0m [0;1m[[0;1;33mSKIPPED[0;1m][0m
  [0;1mMessage:[0m Quadruple precision is not enabled
  Starting [0;34mcomplex-quadruple-abs-fail[0m [0;2m...[0m [0;1m([0;36m62[0;1m/[0;36m95[0;1m)[0m
       [0;2m...[0m [0;34mcomplex-quadruple-abs-fail[0m [0;1m[[0;1;33mSKIPPED[0;1m][0m
  [0;1mMessage:[0m Quadruple precision is not enabled
  Starting [0;34mcomplex-quadruple-rel-fail[0m [0;2m...[0m [0;1m([0;36m63[0;1m/[0;36m95[0;1m)[0m
       [0;2m...[0m [0;34mcomplex-quadruple-rel-fail[0m [0;1m[[0;1;33mSKIPPED[0;1m][0m
  [0;1mMessage:[0m Quadruple precision is not enabled
  Starting [0;34mcomplex-quadruple-abs-message[0m [0;2m...[0m [0;1m([0;36m64[0;1m/[0;36m95[0;1m)[0m
       [0;2m...[0m [0;34mcomplex-quadruple-abs-message[0m [0;1m[[0;1;33mSKIPPED[0;1m][0m
  [0;1mMessage:[0m Quadruple precision is not enabled
  Starting [0;34mcomplex-quadruple-nan-message[0m [0;2m...[0m [0;1m([0;36m65[0;1m/[0;36m95[0;1m)[0m
       [0;2m...[0m [0;34mcomplex-quadruple-nan-message[0m [0;1m[[0;1;33mSKIPPED[0;1m][0m
  [0;1mMessage:[0m Quadruple precision is not enabled
  Starting [0;34minteger-char[0m [0;2m...[0m [0;1m([0;36m66[0;1m/[0;36m95[0;1m)[0m
       [0;2m...[0m [0;34minteger-char[0m [0;1m[[0;1;32mPASSED[0;1m][0m
  Starting [0;34minteger-char-fail[0m [0;2m...[0m [0;1m([0;36m67[0;1m/[0;36m95[0;1m)[0m
       [0;2m...[0m [0;34minteger-char-fail[0m [0;1m[[0;1;36mEXPECTED FAIL[0;1m][0m
  [0;1mMessage:[0m Integer value missmatch
           expected -4 but got 3
  Starting [0;34minteger-char-message[0m [0;2m...[0m [0;1m([0;36m68[0;1m/[0;36m95[0;1m)[0m
       [0;2m...[0m [0;34minteger-char-message[0m [0;1m[[0;1;36mEXPECTED FAIL[0;1m][0m
  [0;1mMessage:[0m Actual value is not seven
  Starting [0;34minteger-char-with-more[0m [0;2m...[0m [0;1m([0;36m69[0;1m/[0;36m95[0;1m)[0m
       [0;2m...[0m [0;34minteger-char-with-more[0m [0;1m[[0;1;36mEXPECTED FAIL[0;1m][0m
  [0;1mMessage:[0m Integer value missmatch
           expected 3 but got 0
           with an additional descriptive message here
  Starting [0;34minteger-short[0m [0;2m...[0m [0;1m([0;36m70[0;1m/[0;36m95[0;1m)[0m
       [0;2m...[0m [0;34minteger-short[0m [0;1m[[0;1;32mPASSED[0;1m][0m
  Starting [0;34minteger-short-fail[0m [0;2m...[0m [0;1m([0;36m71[0;1m/[0;36m95[0;1m)[0m
       [0;2m...[0m [0;34minteger-short-fail[0m [0;1m[[0;1;36mEXPECTED FAIL[0;1m][0m
  [0;1mMessage:[0m Integer value missmatch
           expected -4 but got 3
  Starting [0;34minteger-short-message[0m [0;2m...[0m [0;1m([0;36m72[0;1m/[0;36m95[0;1m)[0m
       [0;2m...[0m [0;34minteger-short-message[0m [0;1m[[0;1;36mEXPECTED FAIL[0;1m][0m
  [0;1mMessage:[0m Actual value is not seven
  Starting [0;34minteger-short-with-more[0m [0;2m...[0m [0;1m([0;36m73[0;1m/[0;36m95[0;1m)[0m
       [0;2m...[0m [0;34minteger-short-with-more[0m [0;1m[[0;1;36mEXPECTED FAIL[0;1m][0m
  [0;1mMessage:[0m Integer value missmatch
           expected 3 but got 0
           with an additional descriptive message here
  Starting [0;34minteger-default[0m [0;2m...[0m [0;1m([0;36m74[0;1m/[0;36m95[0;1m)[0m
       [0;2m...[0m [0;34minteger-default[0m [0;1m[[0;1;32mPASSED[0;1m][0m
  Starting [0;34minteger-default-fail[0m [0;2m...[0m [0;1m([0;36m75[0;1m/[0;36m95[0;1m)[0m
       [0;2m...[0m [0;34minteger-default-fail[0m [0;1m[[0;1;36mEXPECTED FAIL[0;1m][0m
  [0;1mMessage:[0m Integer value missmatch
           expected -4 but got 3
  Starting [0;34minteger-default-message[0m [0;2m...[0m [0;1m([0;36m76[0;1m/[0;36m95[0;1m)[0m
       [0;2m...[0m [0;34minteger-default-message[0m [0;1m[[0;1;36mEXPECTED FAIL[0;1m][0m
  [0;1mMessage:[0m Actual value is not seven
  Starting [0;34minteger-default-with-more[0m [0;2m...[0m [0;1m([0;36m77[0;1m/[0;36m95[0;1m)[0m
       [0;2m...[0m [0;34minteger-default-with-more[0m [0;1m[[0;1;36mEXPECTED FAIL[0;1m][0m
  [0;1mMessage:[0m Integer value missmatch
           expected 3 but got 0
           with an additional descriptive message here
  Starting [0;34minteger-long[0m [0;2m...[0m [0;1m([0;36m78[0;1m/[0;36m95[0;1m)[0m
       [0;2m...[0m [0;34minteger-long[0m [0;1m[[0;1;32mPASSED[0;1m][0m
  Starting [0;34minteger-long-fail[0m [0;2m...[0m [0;1m([0;36m79[0;1m/[0;36m95[0;1m)[0m
       [0;2m...[0m [0;34minteger-long-fail[0m [0;1m[[0;1;36mEXPECTED FAIL[0;1m][0m
  [0;1mMessage:[0m Integer value missmatch
           expected -4 but got 3
  Starting [0;34minteger-long-message[0m [0;2m...[0m [0;1m([0;36m80[0;1m/[0;36m95[0;1m)[0m
       [0;2m...[0m [0;34minteger-long-message[0m [0;1m[[0;1;36mEXPECTED FAIL[0;1m][0m
  [0;1mMessage:[0m Actual value is not seven
  Starting [0;34minteger-long-with-more[0m [0;2m...[0m [0;1m([0;36m81[0;1m/[0;36m95[0;1m)[0m
       [0;2m...[0m [0;34minteger-long-with-more[0m [0;1m[[0;1;36mEXPECTED FAIL[0;1m][0m
  [0;1mMessage:[0m Integer value missmatch
           expected 3 but got 0
           with an additional descriptive message here
  Starting [0;34mlogical-default-true[0m [0;2m...[0m [0;1m([0;36m82[0;1m/[0;36m95[0;1m)[0m
       [0;2m...[0m [0;34mlogical-default-true[0m [0;1m[[0;1;32mPASSED[0;1m][0m
  Starting [0;34mlogical-default-false[0m [0;2m...[0m [0;1m([0;36m83[0;1m/[0;36m95[0;1m)[0m
       [0;2m...[0m [0;34mlogical-default-false[0m [0;1m[[0;1;32mPASSED[0;1m][0m
  Starting [0;34mlogical-default-fail[0m [0;2m...[0m [0;1m([0;36m84[0;1m/[0;36m95[0;1m)[0m
       [0;2m...[0m [0;34mlogical-default-fail[0m [0;1m[[0;1;36mEXPECTED FAIL[0;1m][0m
  [0;1mMessage:[0m Logical value missmatch
           expected F but got T
  Starting [0;34mlogical-default-message[0m [0;2m...[0m [0;1m([0;36m85[0;1m/[0;36m95[0;1m)[0m
       [0;2m...[0m [0;34mlogical-default-message[0m [0;1m[[0;1;36mEXPECTED FAIL[0;1m][0m
  [0;1mMessage:[0m Logical value is not true
  Starting [0;34mlogical-default-with-more[0m [0;2m...[0m [0;1m([0;36m86[0;1m/[0;36m95[0;1m)[0m
       [0;2m...[0m [0;34mlogical-default-with-more[0m [0;1m[[0;1;36mEXPECTED FAIL[0;1m][0m
  [0;1mMessage:[0m Logical value missmatch
           expected F but got T
           with an additional descriptive message
  Starting [0;34mcharacter[0m [0;2m...[0m [0;1m([0;36m87[0;1m/[0;36m95[0;1m)[0m
       [0;2m...[0m [0;34mcharacter[0m [0;1m[[0;1;32mPASSED[0;1m][0m
  Starting [0;34mcharacter-fail[0m [0;2m...[0m [0;1m([0;36m88[0;1m/[0;36m95[0;1m)[0m
       [0;2m...[0m [0;34mcharacter-fail[0m [0;1m[[0;1;36mEXPECTED FAIL[0;1m][0m
  [0;1mMessage:[0m Character value missmatch
           expected 'negative' but got 'positive'
  Starting [0;34mcharacter-message[0m [0;2m...[0m [0;1m([0;36m89[0;1m/[0;36m95[0;1m)[0m
       [0;2m...[0m [0;34mcharacter-message[0m [0;1m[[0;1;36mEXPECTED FAIL[0;1m][0m
  [0;1mMessage:[0m Character string should be negative
  Starting [0;34mcharacter-with-more[0m [0;2m...[0m [0;1m([0;36m90[0;1m/[0;36m95[0;1m)[0m
       [0;2m...[0m [0;34mcharacter-with-more[0m [0;1m[[0;1;36mEXPECTED FAIL[0;1m][0m
  [0;1mMessage:[0m Character value missmatch
           expected 'negative' but got 'positive'
           with an additional descriptive message
  Starting [0;34mcharacter-with-more[0m [0;2m...[0m [0;1m([0;36m91[0;1m/[0;36m95[0;1m)[0m
       [0;2m...[0m [0;34mcharacter-with-more[0m [0;1m[[0;1;36mEXPECTED FAIL[0;1m][0m
  [0;1mMessage:[0m Character value missmatch
           expected 'negative' but got 'positive'
           with an additional descriptive message
  Starting [0;34mstring-i1[0m [0;2m...[0m [0;1m([0;36m92[0;1m/[0;36m95[0;1m)[0m
       [0;2m...[0m [0;34mstring-i1[0m [0;1m[[0;1;32mPASSED[0;1m][0m
  Starting [0;34mstring-i2[0m [0;2m...[0m [0;1m([0;36m93[0;1m/[0;36m95[0;1m)[0m
       [0;2m...[0m [0;34mstring-i2[0m [0;1m[[0;1;32mPASSED[0;1m][0m
  Starting [0;34mstring-i4[0m [0;2m...[0m [0;1m([0;36m94[0;1m/[0;36m95[0;1m)[0m
       [0;2m...[0m [0;34mstring-i4[0m [0;1m[[0;1;32mPASSED[0;1m][0m
  Starting [0;34mstring-i8[0m [0;2m...[0m [0;1m([0;36m95[0;1m/[0;36m95[0;1m)[0m
       [0;2m...[0m [0;34mstring-i8[0m [0;1m[[0;1;32mPASSED[0;1m][0m
<end of output>
Test time =   0.00 sec
----------------------------------------------------------
Test Passed.
"test-drive/check" end time: Apr 14 21:48 UTC
"test-drive/check" time elapsed: 00:00:00
----------------------------------------------------------

3/26 Testing: test-drive/select
3/26 Test: test-drive/select
Command: "/home/runner/work/pic/pic/build_default/_deps/test-drive-build/test/test-drive-tester" "select"
Directory: /home/runner/work/pic/pic/build_default/_deps/test-drive-build/test
"test-drive/select" start time: Apr 14 21:48 UTC
Output:
----------------------------------------------------------
# Testing: select
  Starting [0;34malways-pass[0m [0;2m...[0m [0;1m([0;36m1[0;1m/[0;36m6[0;1m)[0m
       [0;2m...[0m [0;34malways-pass[0m [0;1m[[0;1;32mPASSED[0;1m][0m
  Starting [0;34malways-fail[0m [0;2m...[0m [0;1m([0;36m2[0;1m/[0;36m6[0;1m)[0m
       [0;2m...[0m [0;34malways-fail[0m [0;1m[[0;1;36mEXPECTED FAIL[0;1m][0m
  [0;1mMessage:[0m Always failing test
  Starting [0;34mrun-good-suite[0m [0;2m...[0m [0;1m([0;36m3[0;1m/[0;36m6[0;1m)[0m
       [0;2m...[0m [0;34mrun-good-suite[0m [0;1m[[0;1;32mPASSED[0;1m][0m
  Starting [0;34mrun-bad-suite[0m [0;2m...[0m [0;1m([0;36m4[0;1m/[0;36m6[0;1m)[0m
       [0;2m...[0m [0;34mrun-bad-suite[0m [0;1m[[0;1;32mPASSED[0;1m][0m
  Starting [0;34mrun-selected[0m [0;2m...[0m [0;1m([0;36m5[0;1m/[0;36m6[0;1m)[0m
       [0;2m...[0m [0;34mrun-selected[0m [0;1m[[0;1;32mPASSED[0;1m][0m
  Starting [0;34mselect-missing[0m [0;2m...[0m [0;1m([0;36m6[0;1m/[0;36m6[0;1m)[0m
       [0;2m...[0m [0;34mselect-missing[0m [0;1m[[0;1;32mPASSED[0;1m][0m
<end of output>
Test time =   0.00 sec
----------------------------------------------------------
Test Passed.
"test-drive/select" end time: Apr 14 21:48 UTC
"test-drive/select" time elapsed: 00:00:00
----------------------------------------------------------

4/26 Testing: pic/base_utils
4/26 Test: pic/base_utils
Command: "/home/runner/work/pic/pic/build_default/test/pic-tester" "base_utils"
Directory: /home/runner/work/pic/pic/build_default/test
"pic/base_utils" start time: Apr 14 21:48 UTC
Output:
----------------------------------------------------------
 ========================================
          _____  _____  _____ 
         |  __ \\|_   _|/ ____|
         | |__) | | | | |     
         |  ___/  | | | |     
         | |     _| |_| |____ 
         |_|    |_____|\\_____|
                                         
                PIC LIBRARY
 ========================================
# Testing: base_utils
  Starting valid ... (1/2)
       ... valid [PASSED]
  Starting invalid ... (2/2)
       ... invalid [EXPECTED FAIL]
  Message: Custom check failed
**************************************************
LORE: I imagine the results are usefully unphysical (MW, 2025)
LORE: The long line! (CS,2023)
LORE: Maybe I have the Fortran brain-rot in Dijkstra's words (IP,2025)
LORE: Mojo, yes, do I approve it, no. (IP, 2025)
LORE: No, rice does not contain gluten (EG, dawn of time)
LORE: Yes, potatoes are gluten free (EG, dawn of time)
LORE: Stonks (MS, 2019)
LORE: Praise the machine god
LORE: Maybe I WILL use a more efficient language: Fortran (Jorge, to CS)
LORE: No one owns Makefiles!
LORE: Why did you choose CMake over any other build system? Jorge: Stockholm Syndrome?
LORE: That is exactly what Bjarne Sostrup intended when he created C++ - in response to RS doing an abomination in C++, by CS
LORE: lmao yes vibe climate coding, (MW, private communication 2026)
LORE: so a lot of it is very informed physical vibes and we can verify the vibes vibe, (Jorge, 2026)
LORE: I now understand why my understanding was not right (MW,2025)
LORE: I imagine the results are usefully unphysical (MW, 2025)
LORE: Hmm I just got notified that the do not merge branch, got merged
LORE: We have no ETA. We wait. (Pawsey, 2024)
LORE: Dale dug a hole. Tell 'em Dale!
LORE: Tell him he's dreamin!
LORE: On what constitutional basis do you base your arguments? The vibes, your honour
LORE: Unfortunately life isn't quadratic - Schlegel
LORE: In stressful situations, please resort to eating chocolate. (Fazeleh's life mantra)
LORE: There are three constants in life. Death, Taxes, and Vim.
LORE: A tri-triathlon, you do a triathlon...three times!
LORE: I've been caught like the tiger of Santa Julia (Mexican saying)
LORE: Shrimp that falls asleep is carried away by the current (Mexican saying)
LORE: So you can see on which side the iguana bites (Mexican saying)
LORE: *mexican whistle of approval* (Mexican kinda saying)
LORE: Let's dig in that is mole de olla (Mexican saying)
LORE: Para todo mal, mezcal; y para todo bien, también
LORE: The broth ended up more expensive than the meatballs (mexican saying)
LORE: When you're just going to the butcher, I'm already frying the milanesas (mexican saying)
LORE: You've added too much cream to your tacos (Mexican saying)
LORE: The chahuitsle already fell on us (Mexican saying)
LORE: The clown has carried us (Mexican saying)
LORE: The devil knows more because he's old, not because he's the devil (Mexican saying)
LORE: Oh no, they've flipped the tortilla on me (Mexican saying)
LORE: Gotta measure the water of the sweet potatoes (Mexican saying)
LORE: It has smoked a lighthouse (Mexican saying)
LORE: The sun burns very much (Mexican saying)
LORE: Australia went to war against the Emus in 1932, this event is called the Great Emu War. Australia lost.
LORE: Ah you got a shower. (Edgar's dad, the ancient Mexican scriptures)
LORE: 4 tomatillos, 2 serranos, salt, pepper, 5 cloves of garlic, half an onion and a pinch of cilantro.
LORE: Life is short, make it shorter. (Jorge, talking about butter pumps at American cinemas)
**************************************************
<end of output>
Test time =   0.00 sec
----------------------------------------------------------
Test Passed.
"pic/base_utils" end time: Apr 14 21:48 UTC
"pic/base_utils" time elapsed: 00:00:00
----------------------------------------------------------

5/26 Testing: pic/pic_string
5/26 Test: pic/pic_string
Command: "/home/runner/work/pic/pic/build_default/test/pic-tester" "pic_string"
Directory: /home/runner/work/pic/pic/build_default/test
"pic/pic_string" start time: Apr 14 21:48 UTC
Output:
----------------------------------------------------------
 ========================================
          _____  _____  _____ 
         |  __ \\|_   _|/ ____|
         | |__) | | | | |     
         |  ___/  | | | |     
         | |     _| |_| |____ 
         |_|    |_____|\\_____|
                                         
                PIC LIBRARY
 ========================================
# Testing: pic_string
  Starting test_to_char_int32 ... (1/19)
       ... test_to_char_int32 [PASSED]
  Starting test_to_char_int64 ... (2/19)
       ... test_to_char_int64 [PASSED]
  Starting test_to_char_dp ... (3/19)
       ... test_to_char_dp [PASSED]
  Starting test_to_char_char ... (4/19)
       ... test_to_char_char [PASSED]
  Starting test_to_char_logical ... (5/19)
       ... test_to_char_logical [PASSED]
  Starting test_to_char_vector_int32 ... (6/19)
       ... test_to_char_vector_int32 [PASSED]
  Starting test_to_char_vector_int64 ... (7/19)
       ... test_to_char_vector_int64 [PASSED]
  Starting test_to_char_vector_sp ... (8/19)
       ... test_to_char_vector_sp [PASSED]
  Starting test_to_char_vector_dp ... (9/19)
       ... test_to_char_vector_dp [PASSED]
  Starting test_to_char_matrix_int32 ... (10/19)
       ... test_to_char_matrix_int32 [PASSED]
  Starting test_to_char_matrix_int64 ... (11/19)
       ... test_to_char_matrix_int64 [PASSED]
  Starting test_to_char_matrix_sp ... (12/19)
       ... test_to_char_matrix_sp [PASSED]
  Starting test_to_char_matrix_dp ... (13/19)
       ... test_to_char_matrix_dp [PASSED]
  Starting test_to_char_sp ... (14/19)
       ... test_to_char_sp [PASSED]
  Starting test_set_get_precision ... (15/19)
       ... test_set_get_precision [PASSED]
  Starting test_write_with_precision_sp ... (16/19)
       ... test_write_with_precision_sp [PASSED]
  Starting test_write_with_precision_dp ... (17/19)
 Result:           10 123.456000                                        
       ... test_write_with_precision_dp [PASSED]
  Starting test_padding ... (18/19)
 Result: 15        123.456
       ... test_padding [PASSED]
  Starting test_to_upper ... (19/19)
       ... test_to_upper [PASSED]
**************************************************
LORE: The clown has carried us (Mexican saying)
LORE: The long line! (CS,2023)
LORE: Maybe I have the Fortran brain-rot in Dijkstra's words (IP,2025)
LORE: Mojo, yes, do I approve it, no. (IP, 2025)
LORE: No, rice does not contain gluten (EG, dawn of time)
LORE: Yes, potatoes are gluten free (EG, dawn of time)
LORE: Stonks (MS, 2019)
LORE: Praise the machine god
LORE: Maybe I WILL use a more efficient language: Fortran (Jorge, to CS)
LORE: No one owns Makefiles!
LORE: Why did you choose CMake over any other build system? Jorge: Stockholm Syndrome?
LORE: That is exactly what Bjarne Sostrup intended when he created C++ - in response to RS doing an abomination in C++, by CS
LORE: lmao yes vibe climate coding, (MW, private communication 2026)
LORE: so a lot of it is very informed physical vibes and we can verify the vibes vibe, (Jorge, 2026)
LORE: I now understand why my understanding was not right (MW,2025)
LORE: I imagine the results are usefully unphysical (MW, 2025)
LORE: Hmm I just got notified that the do not merge branch, got merged
LORE: We have no ETA. We wait. (Pawsey, 2024)
LORE: Dale dug a hole. Tell 'em Dale!
LORE: Tell him he's dreamin!
LORE: On what constitutional basis do you base your arguments? The vibes, your honour
LORE: Unfortunately life isn't quadratic - Schlegel
LORE: In stressful situations, please resort to eating chocolate. (Fazeleh's life mantra)
LORE: There are three constants in life. Death, Taxes, and Vim.
LORE: A tri-triathlon, you do a triathlon...three times!
LORE: I've been caught like the tiger of Santa Julia (Mexican saying)
LORE: Shrimp that falls asleep is carried away by the current (Mexican saying)
LORE: So you can see on which side the iguana bites (Mexican saying)
LORE: *mexican whistle of approval* (Mexican kinda saying)
LORE: Let's dig in that is mole de olla (Mexican saying)
LORE: Para todo mal, mezcal; y para todo bien, también
LORE: The broth ended up more expensive than the meatballs (mexican saying)
LORE: When you're just going to the butcher, I'm already frying the milanesas (mexican saying)
LORE: You've added too much cream to your tacos (Mexican saying)
LORE: The chahuitsle already fell on us (Mexican saying)
LORE: The clown has carried us (Mexican saying)
LORE: The devil knows more because he's old, not because he's the devil (Mexican saying)
LORE: Oh no, they've flipped the tortilla on me (Mexican saying)
LORE: Gotta measure the water of the sweet potatoes (Mexican saying)
LORE: It has smoked a lighthouse (Mexican saying)
LORE: The sun burns very much (Mexican saying)
LORE: Australia went to war against the Emus in 1932, this event is called the Great Emu War. Australia lost.
LORE: Ah you got a shower. (Edgar's dad, the ancient Mexican scriptures)
LORE: 4 tomatillos, 2 serranos, salt, pepper, 5 cloves of garlic, half an onion and a pinch of cilantro.
LORE: Life is short, make it shorter. (Jorge, talking about butter pumps at American cinemas)
**************************************************
<end of output>
Test time =   0.00 sec
----------------------------------------------------------
Test Passed.
"pic/pic_string" end time: Apr 14 21:48 UTC
"pic/pic_string" time elapsed: 00:00:00
----------------------------------------------------------

6/26 Testing: pic/pic_string_assignment
6/26 Test: pic/pic_string_assignment
Command: "/home/runner/work/pic/pic/build_default/test/pic-tester" "pic_string_assignment"
Directory: /home/runner/work/pic/pic/build_default/test
"pic/pic_string_assignment" start time: Apr 14 21:48 UTC
Output:
----------------------------------------------------------
 ========================================
          _____  _____  _____ 
         |  __ \\|_   _|/ ____|
         | |__) | | | | |     
         |  ___/  | | | |     
         | |     _| |_| |____ 
         |_|    |_____|\\_____|
                                         
                PIC LIBRARY
 ========================================
# Testing: pic_string_assignment
  Starting assignment ... (1/2)
       ... assignment [PASSED]
  Starting constructor ... (2/2)
       ... constructor [PASSED]
**************************************************
LORE: Mojo, yes, do I approve it, no. (IP, 2025)
LORE: The long line! (CS,2023)
LORE: Maybe I have the Fortran brain-rot in Dijkstra's words (IP,2025)
LORE: Mojo, yes, do I approve it, no. (IP, 2025)
LORE: No, rice does not contain gluten (EG, dawn of time)
LORE: Yes, potatoes are gluten free (EG, dawn of time)
LORE: Stonks (MS, 2019)
LORE: Praise the machine god
LORE: Maybe I WILL use a more efficient language: Fortran (Jorge, to CS)
LORE: No one owns Makefiles!
LORE: Why did you choose CMake over any other build system? Jorge: Stockholm Syndrome?
LORE: That is exactly what Bjarne Sostrup intended when he created C++ - in response to RS doing an abomination in C++, by CS
LORE: lmao yes vibe climate coding, (MW, private communication 2026)
LORE: so a lot of it is very informed physical vibes and we can verify the vibes vibe, (Jorge, 2026)
LORE: I now understand why my understanding was not right (MW,2025)
LORE: I imagine the results are usefully unphysical (MW, 2025)
LORE: Hmm I just got notified that the do not merge branch, got merged
LORE: We have no ETA. We wait. (Pawsey, 2024)
LORE: Dale dug a hole. Tell 'em Dale!
LORE: Tell him he's dreamin!
LORE: On what constitutional basis do you base your arguments? The vibes, your honour
LORE: Unfortunately life isn't quadratic - Schlegel
LORE: In stressful situations, please resort to eating chocolate. (Fazeleh's life mantra)
LORE: There are three constants in life. Death, Taxes, and Vim.
LORE: A tri-triathlon, you do a triathlon...three times!
LORE: I've been caught like the tiger of Santa Julia (Mexican saying)
LORE: Shrimp that falls asleep is carried away by the current (Mexican saying)
LORE: So you can see on which side the iguana bites (Mexican saying)
LORE: *mexican whistle of approval* (Mexican kinda saying)
LORE: Let's dig in that is mole de olla (Mexican saying)
LORE: Para todo mal, mezcal; y para todo bien, también
LORE: The broth ended up more expensive than the meatballs (mexican saying)
LORE: When you're just going to the butcher, I'm already frying the milanesas (mexican saying)
LORE: You've added too much cream to your tacos (Mexican saying)
LORE: The chahuitsle already fell on us (Mexican saying)
LORE: The clown has carried us (Mexican saying)
LORE: The devil knows more because he's old, not because he's the devil (Mexican saying)
LORE: Oh no, they've flipped the tortilla on me (Mexican saying)
LORE: Gotta measure the water of the sweet potatoes (Mexican saying)
LORE: It has smoked a lighthouse (Mexican saying)
LORE: The sun burns very much (Mexican saying)
LORE: Australia went to war against the Emus in 1932, this event is called the Great Emu War. Australia lost.
LORE: Ah you got a shower. (Edgar's dad, the ancient Mexican scriptures)
LORE: 4 tomatillos, 2 serranos, salt, pepper, 5 cloves of garlic, half an onion and a pinch of cilantro.
LORE: Life is short, make it shorter. (Jorge, talking about butter pumps at American cinemas)
**************************************************
<end of output>
Test time =   0.00 sec
----------------------------------------------------------
Test Passed.
"pic/pic_string_assignment" end time: Apr 14 21:48 UTC
"pic/pic_string_assignment" time elapsed: 00:00:00
----------------------------------------------------------

7/26 Testing: pic/pic_string_functions
7/26 Test: pic/pic_string_functions
Command: "/home/runner/work/pic/pic/build_default/test/pic-tester" "pic_string_functions"
Directory: /home/runner/work/pic/pic/build_default/test
"pic/pic_string_functions" start time: Apr 14 21:48 UTC
Output:
----------------------------------------------------------
 ========================================
          _____  _____  _____ 
         |  __ \\|_   _|/ ____|
         | |__) | | | | |     
         |  ___/  | | | |     
         | |     _| |_| |____ 
         |_|    |_____|\\_____|
                                         
                PIC LIBRARY
 ========================================
# Testing: pic_string_functions
  Starting to_lower_string ... (1/13)
       ... to_lower_string [PASSED]
  Starting to_upper_string ... (2/13)
       ... to_upper_string [PASSED]
  Starting to_title_string ... (3/13)
       ... to_title_string [PASSED]
  Starting to_sentence_string ... (4/13)
       ... to_sentence_string [PASSED]
  Starting reverse_string ... (5/13)
       ... reverse_string [PASSED]
  Starting slice_string ... (6/13)
       ... slice_string [PASSED]
  Starting slice_gen ... (7/13)
       ... slice_gen [PASSED]
  Starting find ... (8/13)
       ... find [PASSED]
  Starting replace_all ... (9/13)
       ... replace_all [PASSED]
  Starting padl ... (10/13)
       ... padl [PASSED]
  Starting padr ... (11/13)
       ... padr [PASSED]
  Starting count ... (12/13)
       ... count [PASSED]
  Starting zfill ... (13/13)
       ... zfill [PASSED]
**************************************************
LORE: On what constitutional basis do you base your arguments? The vibes, your honour
LORE: The long line! (CS,2023)
LORE: Maybe I have the Fortran brain-rot in Dijkstra's words (IP,2025)
LORE: Mojo, yes, do I approve it, no. (IP, 2025)
LORE: No, rice does not contain gluten (EG, dawn of time)
LORE: Yes, potatoes are gluten free (EG, dawn of time)
LORE: Stonks (MS, 2019)
LORE: Praise the machine god
LORE: Maybe I WILL use a more efficient language: Fortran (Jorge, to CS)
LORE: No one owns Makefiles!
LORE: Why did you choose CMake over any other build system? Jorge: Stockholm Syndrome?
LORE: That is exactly what Bjarne Sostrup intended when he created C++ - in response to RS doing an abomination in C++, by CS
LORE: lmao yes vibe climate coding, (MW, private communication 2026)
LORE: so a lot of it is very informed physical vibes and we can verify the vibes vibe, (Jorge, 2026)
LORE: I now understand why my understanding was not right (MW,2025)
LORE: I imagine the results are usefully unphysical (MW, 2025)
LORE: Hmm I just got notified that the do not merge branch, got merged
LORE: We have no ETA. We wait. (Pawsey, 2024)
LORE: Dale dug a hole. Tell 'em Dale!
LORE: Tell him he's dreamin!
LORE: On what constitutional basis do you base your arguments? The vibes, your honour
LORE: Unfortunately life isn't quadratic - Schlegel
LORE: In stressful situations, please resort to eating chocolate. (Fazeleh's life mantra)
LORE: There are three constants in life. Death, Taxes, and Vim.
LORE: A tri-triathlon, you do a triathlon...three times!
LORE: I've been caught like the tiger of Santa Julia (Mexican saying)
LORE: Shrimp that falls asleep is carried away by the current (Mexican saying)
LORE: So you can see on which side the iguana bites (Mexican saying)
LORE: *mexican whistle of approval* (Mexican kinda saying)
LORE: Let's dig in that is mole de olla (Mexican saying)
LORE: Para todo mal, mezcal; y para todo bien, también
LORE: The broth ended up more expensive than the meatballs (mexican saying)
LORE: When you're just going to the butcher, I'm already frying the milanesas (mexican saying)
LORE: You've added too much cream to your tacos (Mexican saying)
LORE: The chahuitsle already fell on us (Mexican saying)
LORE: The clown has carried us (Mexican saying)
LORE: The devil knows more because he's old, not because he's the devil (Mexican saying)
LORE: Oh no, they've flipped the tortilla on me (Mexican saying)
LORE: Gotta measure the water of the sweet potatoes (Mexican saying)
LORE: It has smoked a lighthouse (Mexican saying)
LORE: The sun burns very much (Mexican saying)
LORE: Australia went to war against the Emus in 1932, this event is called the Great Emu War. Australia lost.
LORE: Ah you got a shower. (Edgar's dad, the ancient Mexican scriptures)
LORE: 4 tomatillos, 2 serranos, salt, pepper, 5 cloves of garlic, half an onion and a pinch of cilantro.
LORE: Life is short, make it shorter. (Jorge, talking about butter pumps at American cinemas)
**************************************************
<end of output>
Test time =   0.07 sec
----------------------------------------------------------
Test Passed.
"pic/pic_string_functions" end time: Apr 14 21:48 UTC
"pic/pic_string_functions" time elapsed: 00:00:00
----------------------------------------------------------

8/26 Testing: pic/pic_string_intrinsic
8/26 Test: pic/pic_string_intrinsic
Command: "/home/runner/work/pic/pic/build_default/test/pic-tester" "pic_string_intrinsic"
Directory: /home/runner/work/pic/pic/build_default/test
"pic/pic_string_intrinsic" start time: Apr 14 21:48 UTC
Output:
----------------------------------------------------------
 ========================================
          _____  _____  _____ 
         |  __ \\|_   _|/ ____|
         | |__) | | | | |     
         |  ___/  | | | |     
         | |     _| |_| |____ 
         |_|    |_____|\\_____|
                                         
                PIC LIBRARY
 ========================================
# Testing: pic_string_intrinsic
  Starting lgt ... (1/17)
       ... lgt [PASSED]
  Starting llt ... (2/17)
       ... llt [PASSED]
  Starting lge ... (3/17)
       ... lge [PASSED]
  Starting lle ... (4/17)
       ... lle [PASSED]
  Starting trim ... (5/17)
       ... trim [PASSED]
  Starting len ... (6/17)
       ... len [PASSED]
  Starting len_trim ... (7/17)
       ... len_trim [PASSED]
  Starting adjustl ... (8/17)
       ... adjustl [PASSED]
  Starting adjustr ... (9/17)
       ... adjustr [PASSED]
  Starting scan ... (10/17)
       ... scan [PASSED]
  Starting verify ... (11/17)
       ... verify [PASSED]
  Starting repeat ... (12/17)
       ... repeat [PASSED]
  Starting index ... (13/17)
       ... index [PASSED]
  Starting char ... (14/17)
       ... char [PASSED]
  Starting ichar ... (15/17)
       ... ichar [PASSED]
  Starting iachar ... (16/17)
       ... iachar [PASSED]
  Starting move ... (17/17)
       ... move [PASSED]
**************************************************
LORE: We have no ETA. We wait. (Pawsey, 2024)
LORE: The long line! (CS,2023)
LORE: Maybe I have the Fortran brain-rot in Dijkstra's words (IP,2025)
LORE: Mojo, yes, do I approve it, no. (IP, 2025)
LORE: No, rice does not contain gluten (EG, dawn of time)
LORE: Yes, potatoes are gluten free (EG, dawn of time)
LORE: Stonks (MS, 2019)
LORE: Praise the machine god
LORE: Maybe I WILL use a more efficient language: Fortran (Jorge, to CS)
LORE: No one owns Makefiles!
LORE: Why did you choose CMake over any other build system? Jorge: Stockholm Syndrome?
LORE: That is exactly what Bjarne Sostrup intended when he created C++ - in response to RS doing an abomination in C++, by CS
LORE: lmao yes vibe climate coding, (MW, private communication 2026)
LORE: so a lot of it is very informed physical vibes and we can verify the vibes vibe, (Jorge, 2026)
LORE: I now understand why my understanding was not right (MW,2025)
LORE: I imagine the results are usefully unphysical (MW, 2025)
LORE: Hmm I just got notified that the do not merge branch, got merged
LORE: We have no ETA. We wait. (Pawsey, 2024)
LORE: Dale dug a hole. Tell 'em Dale!
LORE: Tell him he's dreamin!
LORE: On what constitutional basis do you base your arguments? The vibes, your honour
LORE: Unfortunately life isn't quadratic - Schlegel
LORE: In stressful situations, please resort to eating chocolate. (Fazeleh's life mantra)
LORE: There are three constants in life. Death, Taxes, and Vim.
LORE: A tri-triathlon, you do a triathlon...three times!
LORE: I've been caught like the tiger of Santa Julia (Mexican saying)
LORE: Shrimp that falls asleep is carried away by the current (Mexican saying)
LORE: So you can see on which side the iguana bites (Mexican saying)
LORE: *mexican whistle of approval* (Mexican kinda saying)
LORE: Let's dig in that is mole de olla (Mexican saying)
LORE: Para todo mal, mezcal; y para todo bien, también
LORE: The broth ended up more expensive than the meatballs (mexican saying)
LORE: When you're just going to the butcher, I'm already frying the milanesas (mexican saying)
LORE: You've added too much cream to your tacos (Mexican saying)
LORE: The chahuitsle already fell on us (Mexican saying)
LORE: The clown has carried us (Mexican saying)
LORE: The devil knows more because he's old, not because he's the devil (Mexican saying)
LORE: Oh no, they've flipped the tortilla on me (Mexican saying)
LORE: Gotta measure the water of the sweet potatoes (Mexican saying)
LORE: It has smoked a lighthouse (Mexican saying)
LORE: The sun burns very much (Mexican saying)
LORE: Australia went to war against the Emus in 1932, this event is called the Great Emu War. Australia lost.
LORE: Ah you got a shower. (Edgar's dad, the ancient Mexican scriptures)
LORE: 4 tomatillos, 2 serranos, salt, pepper, 5 cloves of garlic, half an onion and a pinch of cilantro.
LORE: Life is short, make it shorter. (Jorge, talking about butter pumps at American cinemas)
**************************************************
<end of output>
Test time =   0.00 sec
----------------------------------------------------------
Test Passed.
"pic/pic_string_intrinsic" end time: Apr 14 21:48 UTC
"pic/pic_string_intrinsic" time elapsed: 00:00:00
----------------------------------------------------------

9/26 Testing: pic/pic_string_match
9/26 Test: pic/pic_string_match
Command: "/home/runner/work/pic/pic/build_default/test/pic-tester" "pic_string_match"
Directory: /home/runner/work/pic/pic/build_default/test
"pic/pic_string_match" start time: Apr 14 21:48 UTC
Output:
----------------------------------------------------------
 ========================================
          _____  _____  _____ 
         |  __ \\|_   _|/ ____|
         | |__) | | | | |     
         |  ___/  | | | |     
         | |     _| |_| |____ 
         |_|    |_____|\\_____|
                                         
                PIC LIBRARY
 ========================================
# Testing: pic_string_match
  Starting starts_with ... (1/3)
       ... starts_with [PASSED]
  Starting ends_with ... (2/3)
       ... ends_with [PASSED]
  Starting join ... (3/3)
       ... join [PASSED]
**************************************************
LORE: We have no ETA. We wait. (Pawsey, 2024)
LORE: The long line! (CS,2023)
LORE: Maybe I have the Fortran brain-rot in Dijkstra's words (IP,2025)
LORE: Mojo, yes, do I approve it, no. (IP, 2025)
LORE: No, rice does not contain gluten (EG, dawn of time)
LORE: Yes, potatoes are gluten free (EG, dawn of time)
LORE: Stonks (MS, 2019)
LORE: Praise the machine god
LORE: Maybe I WILL use a more efficient language: Fortran (Jorge, to CS)
LORE: No one owns Makefiles!
LORE: Why did you choose CMake over any other build system? Jorge: Stockholm Syndrome?
LORE: That is exactly what Bjarne Sostrup intended when he created C++ - in response to RS doing an abomination in C++, by CS
LORE: lmao yes vibe climate coding, (MW, private communication 2026)
LORE: so a lot of it is very informed physical vibes and we can verify the vibes vibe, (Jorge, 2026)
LORE: I now understand why my understanding was not right (MW,2025)
LORE: I imagine the results are usefully unphysical (MW, 2025)
LORE: Hmm I just got notified that the do not merge branch, got merged
LORE: We have no ETA. We wait. (Pawsey, 2024)
LORE: Dale dug a hole. Tell 'em Dale!
LORE: Tell him he's dreamin!
LORE: On what constitutional basis do you base your arguments? The vibes, your honour
LORE: Unfortunately life isn't quadratic - Schlegel
LORE: In stressful situations, please resort to eating chocolate. (Fazeleh's life mantra)
LORE: There are three constants in life. Death, Taxes, and Vim.
LORE: A tri-triathlon, you do a triathlon...three times!
LORE: I've been caught like the tiger of Santa Julia (Mexican saying)
LORE: Shrimp that falls asleep is carried away by the current (Mexican saying)
LORE: So you can see on which side the iguana bites (Mexican saying)
LORE: *mexican whistle of approval* (Mexican kinda saying)
LORE: Let's dig in that is mole de olla (Mexican saying)
LORE: Para todo mal, mezcal; y para todo bien, también
LORE: The broth ended up more expensive than the meatballs (mexican saying)
LORE: When you're just going to the butcher, I'm already frying the milanesas (mexican saying)
LORE: You've added too much cream to your tacos (Mexican saying)
LORE: The chahuitsle already fell on us (Mexican saying)
LORE: The clown has carried us (Mexican saying)
LORE: The devil knows more because he's old, not because he's the devil (Mexican saying)
LORE: Oh no, they've flipped the tortilla on me (Mexican saying)
LORE: Gotta measure the water of the sweet potatoes (Mexican saying)
LORE: It has smoked a lighthouse (Mexican saying)
LORE: The sun burns very much (Mexican saying)
LORE: Australia went to war against the Emus in 1932, this event is called the Great Emu War. Australia lost.
LORE: Ah you got a shower. (Edgar's dad, the ancient Mexican scriptures)
LORE: 4 tomatillos, 2 serranos, salt, pepper, 5 cloves of garlic, half an onion and a pinch of cilantro.
LORE: Life is short, make it shorter. (Jorge, talking about butter pumps at American cinemas)
**************************************************
<end of output>
Test time =   0.00 sec
----------------------------------------------------------
Test Passed.
"pic/pic_string_match" end time: Apr 14 21:48 UTC
"pic/pic_string_match" time elapsed: 00:00:00
----------------------------------------------------------

10/26 Testing: pic/pic_string_operator
10/26 Test: pic/pic_string_operator
Command: "/home/runner/work/pic/pic/build_default/test/pic-tester" "pic_string_operator"
Directory: /home/runner/work/pic/pic/build_default/test
"pic/pic_string_operator" start time: Apr 14 21:48 UTC
Output:
[...]
LORE: No, rice does not contain gluten (EG, dawn of time)
LORE: Yes, potatoes are gluten free (EG, dawn of time)
LORE: Stonks (MS, 2019)
LORE: Praise the machine god
LORE: Maybe I WILL use a more efficient language: Fortran (Jorge, to CS)
LORE: No one owns Makefiles!
LORE: Why did you choose CMake over any other build system? Jorge: Stockholm Syndrome?
LORE: That is exactly what Bjarne Sostrup intended when he created C++ - in response to RS doing an abomination in C++, by CS
LORE: lmao yes vibe climate coding, (MW, private communication 2026)
LORE: so a lot of it is very informed physical vibes and we can verify the vibes vibe, (Jorge, 2026)
LORE: I now understand why my understanding was not right (MW,2025)
LORE: I imagine the results are usefully unphysical (MW, 2025)
LORE: Hmm I just got notified that the do not merge branch, got merged
LORE: We have no ETA. We wait. (Pawsey, 2024)
LORE: Dale dug a hole. Tell 'em Dale!
LORE: Tell him he's dreamin!
LORE: On what constitutional basis do you base your arguments? The vibes, your honour
LORE: Unfortunately life isn't quadratic - Schlegel
LORE: In stressful situations, please resort to eating chocolate. (Fazeleh's life mantra)
LORE: There are three constants in life. Death, Taxes, and Vim.
LORE: A tri-triathlon, you do a triathlon...three times!
LORE: I've been caught like the tiger of Santa Julia (Mexican saying)
LORE: Shrimp that falls asleep is carried away by the current (Mexican saying)
LORE: So you can see on which side the iguana bites (Mexican saying)
LORE: *mexican whistle of approval* (Mexican kinda saying)
LORE: Let's dig in that is mole de olla (Mexican saying)
LORE: Para todo mal, mezcal; y para todo bien, también
LORE: The broth ended up more expensive than the meatballs (mexican saying)
LORE: When you're just going to the butcher, I'm already frying the milanesas (mexican saying)
LORE: You've added too much cream to your tacos (Mexican saying)
LORE: The chahuitsle already fell on us (Mexican saying)
LORE: The clown has carried us (Mexican saying)
LORE: The devil knows more because he's old, not because he's the devil (Mexican saying)
LORE: Oh no, they've flipped the tortilla on me (Mexican saying)
LORE: Gotta measure the water of the sweet potatoes (Mexican saying)
LORE: It has smoked a lighthouse (Mexican saying)
LORE: The sun burns very much (Mexican saying)
LORE: Australia went to war against the Emus in 1932, this event is called the Great Emu War. Australia lost.
LORE: Ah you got a shower. (Edgar's dad, the ancient Mexican scriptures)
LORE: 4 tomatillos, 2 serranos, salt, pepper, 5 cloves of garlic, half an onion and a pinch of cilantro.
LORE: Life is short, make it shorter. (Jorge, talking about butter pumps at American cinemas)
**************************************************
<end of output>
Test time =   0.00 sec
----------------------------------------------------------
Test Passed.
"pic/pic_pure_logger" end time: Apr 14 21:48 UTC
"pic/pic_pure_logger" time elapsed: 00:00:00
----------------------------------------------------------

24/26 Testing: pic/pic_error
24/26 Test: pic/pic_error
Command: "/home/runner/work/pic/pic/build_default/test/pic-tester" "pic_error"
Directory: /home/runner/work/pic/pic/build_default/test
"pic/pic_error" start time: Apr 14 21:48 UTC
Output:
----------------------------------------------------------
 ========================================
          _____  _____  _____ 
         |  __ \\|_   _|/ ____|
         | |__) | | | | |     
         |  ___/  | | | |     
         | |     _| |_| |____ 
         |_|    |_____|\\_____|
                                         
                PIC LIBRARY
 ========================================
# Testing: pic_error
  Starting test_default_state ... (1/18)
       ... test_default_state [PASSED]
  Starting test_set_and_has_error ... (2/18)
       ... test_set_and_has_error [PASSED]
  Starting test_clear ... (3/18)
       ... test_clear [PASSED]
  Starting test_get_code_and_message ... (4/18)
       ... test_get_code_and_message [PASSED]
  Starting test_is ... (5/18)
       ... test_is [PASSED]
  Starting test_code_to_string ... (6/18)
       ... test_code_to_string [PASSED]
  Starting test_code_to_string_unknown ... (7/18)
       ... test_code_to_string_unknown [PASSED]
  Starting test_add_context ... (8/18)
       ... test_add_context [PASSED]
  Starting test_add_context_overflow ... (9/18)
       ... test_add_context_overflow [PASSED]
  Starting test_wrap_single ... (10/18)
       ... test_wrap_single [PASSED]
  Starting test_wrap_chain ... (11/18)
       ... test_wrap_chain [PASSED]
  Starting test_wrap_no_error ... (12/18)
       ... test_wrap_no_error [PASSED]
  Starting test_set_resets_chain ... (13/18)
       ... test_set_resets_chain [PASSED]
  Starting test_get_full_trace_no_error ... (14/18)
       ... test_get_full_trace_no_error [PASSED]
  Starting test_get_full_trace_with_causes ... (15/18)
       ... test_get_full_trace_with_causes [PASSED]
  Starting test_print_trace_to_file ... (16/18)
       ... test_print_trace_to_file [PASSED]
  Starting test_error_alloc_code ... (17/18)
       ... test_error_alloc_code [PASSED]
  Starting test_haserror_operator ... (18/18)
       ... test_haserror_operator [PASSED]
**************************************************
LORE: That is exactly what Bjarne Sostrup intended when he created C++ - in response to RS doing an abomination in C++, by CS
LORE: The long line! (CS,2023)
LORE: Maybe I have the Fortran brain-rot in Dijkstra's words (IP,2025)
LORE: Mojo, yes, do I approve it, no. (IP, 2025)
LORE: No, rice does not contain gluten (EG, dawn of time)
LORE: Yes, potatoes are gluten free (EG, dawn of time)
LORE: Stonks (MS, 2019)
LORE: Praise the machine god
LORE: Maybe I WILL use a more efficient language: Fortran (Jorge, to CS)
LORE: No one owns Makefiles!
LORE: Why did you choose CMake over any other build system? Jorge: Stockholm Syndrome?
LORE: That is exactly what Bjarne Sostrup intended when he created C++ - in response to RS doing an abomination in C++, by CS
LORE: lmao yes vibe climate coding, (MW, private communication 2026)
LORE: so a lot of it is very informed physical vibes and we can verify the vibes vibe, (Jorge, 2026)
LORE: I now understand why my understanding was not right (MW,2025)
LORE: I imagine the results are usefully unphysical (MW, 2025)
LORE: Hmm I just got notified that the do not merge branch, got merged
LORE: We have no ETA. We wait. (Pawsey, 2024)
LORE: Dale dug a hole. Tell 'em Dale!
LORE: Tell him he's dreamin!
LORE: On what constitutional basis do you base your arguments? The vibes, your honour
LORE: Unfortunately life isn't quadratic - Schlegel
LORE: In stressful situations, please resort to eating chocolate. (Fazeleh's life mantra)
LORE: There are three constants in life. Death, Taxes, and Vim.
LORE: A tri-triathlon, you do a triathlon...three times!
LORE: I've been caught like the tiger of Santa Julia (Mexican saying)
LORE: Shrimp that falls asleep is carried away by the current (Mexican saying)
LORE: So you can see on which side the iguana bites (Mexican saying)
LORE: *mexican whistle of approval* (Mexican kinda saying)
LORE: Let's dig in that is mole de olla (Mexican saying)
LORE: Para todo mal, mezcal; y para todo bien, también
LORE: The broth ended up more expensive than the meatballs (mexican saying)
LORE: When you're just going to the butcher, I'm already frying the milanesas (mexican saying)
LORE: You've added too much cream to your tacos (Mexican saying)
LORE: The chahuitsle already fell on us (Mexican saying)
LORE: The clown has carried us (Mexican saying)
LORE: The devil knows more because he's old, not because he's the devil (Mexican saying)
LORE: Oh no, they've flipped the tortilla on me (Mexican saying)
LORE: Gotta measure the water of the sweet potatoes (Mexican saying)
LORE: It has smoked a lighthouse (Mexican saying)
LORE: The sun burns very much (Mexican saying)
LORE: Australia went to war against the Emus in 1932, this event is called the Great Emu War. Australia lost.
LORE: Ah you got a shower. (Edgar's dad, the ancient Mexican scriptures)
LORE: 4 tomatillos, 2 serranos, salt, pepper, 5 cloves of garlic, half an onion and a pinch of cilantro.
LORE: Life is short, make it shorter. (Jorge, talking about butter pumps at American cinemas)
**************************************************
<end of output>
Test time =   0.00 sec
----------------------------------------------------------
Test Passed.
"pic/pic_error" end time: Apr 14 21:48 UTC
"pic/pic_error" time elapsed: 00:00:00
----------------------------------------------------------

25/26 Testing: pic/pic_profiler
25/26 Test: pic/pic_profiler
Command: "/home/runner/work/pic/pic/build_default/test/pic-tester" "pic_profiler"
Directory: /home/runner/work/pic/pic/build_default/test
"pic/pic_profiler" start time: Apr 14 21:48 UTC
Output:
----------------------------------------------------------
 ========================================
          _____  _____  _____ 
         |  __ \\|_   _|/ ____|
         | |__) | | | | |     
         |  ___/  | | | |     
         | |     _| |_| |____ 
         |_|    |_____|\\_____|
                                         
                PIC LIBRARY
 ========================================
# Testing: pic_profiler
  Starting test_profiler_init_finalize ... (1/14)
       ... test_profiler_init_finalize [PASSED]
  Starting test_profiler_start_stop ... (2/14)
       ... test_profiler_start_stop [PASSED]
  Starting test_profiler_multiple_regions ... (3/14)
       ... test_profiler_multiple_regions [PASSED]
  Starting test_profiler_accumulated_time ... (4/14)
       ... test_profiler_accumulated_time [PASSED]
  Starting test_profiler_get_time ... (5/14)
       ... test_profiler_get_time [PASSED]
  Starting test_profiler_enable_disable ... (6/14)
       ... test_profiler_enable_disable [PASSED]
  Starting test_profiler_reset ... (7/14)
       ... test_profiler_reset [PASSED]
  Starting test_profiler_stack_based_stop ... (8/14)
       ... test_profiler_stack_based_stop [PASSED]
  Starting test_profiler_init_disabled ... (9/14)
       ... test_profiler_init_disabled [PASSED]
  Starting test_profiler_nvtx_only ... (10/14)
INFO: 
INFO: ============================================================
INFO: Profiler Report
INFO: ============================================================
INFO:   Region                          Time (s)    Calls    %
INFO: ------------------------------------------------------------
INFO: ------------------------------------------------------------
INFO:   Total:                            0.010001
INFO: ============================================================
INFO:   (NVTX disabled - compile with -DPIC_USE_NVTX to enable)
       ... test_profiler_nvtx_only [PASSED]
  Starting test_profiler_report_with_title ... (11/14)
INFO: 
INFO: ============================================================
INFO: Profiler Report: Test Report
INFO: ============================================================
INFO:   Region                          Time (s)    Calls    %
INFO: ------------------------------------------------------------
INFO: ------------------------------------------------------------
INFO:   Total:                            0.010002
INFO: ============================================================
INFO:   (NVTX disabled - compile with -DPIC_USE_NVTX to enable)
       ... test_profiler_report_with_title [PASSED]
  Starting test_profiler_report_with_root ... (12/14)
INFO: 
INFO: ============================================================
INFO: Profiler Report
INFO: ============================================================
INFO:   Region                          Time (s)    Calls    %
INFO: ------------------------------------------------------------
INFO:   child                               0.010002       1    50.0
INFO: ------------------------------------------------------------
INFO:   Total:                            0.020019
INFO: ============================================================
INFO:   (NVTX disabled - compile with -DPIC_USE_NVTX to enable)
       ... test_profiler_report_with_root [PASSED]
  Starting test_profiler_explicit_stop_nested ... (13/14)
       ... test_profiler_explicit_stop_nested [PASSED]
  Starting test_profiler_edge_cases ... (14/14)
       ... test_profiler_edge_cases [PASSED]
**************************************************
LORE: Stonks (MS, 2019)
LORE: The long line! (CS,2023)
LORE: Maybe I have the Fortran brain-rot in Dijkstra's words (IP,2025)
LORE: Mojo, yes, do I approve it, no. (IP, 2025)
LORE: No, rice does not contain gluten (EG, dawn of time)
LORE: Yes, potatoes are gluten free (EG, dawn of time)
LORE: Stonks (MS, 2019)
LORE: Praise the machine god
LORE: Maybe I WILL use a more efficient language: Fortran (Jorge, to CS)
LORE: No one owns Makefiles!
LORE: Why did you choose CMake over any other build system? Jorge: Stockholm Syndrome?
LORE: That is exactly what Bjarne Sostrup intended when he created C++ - in response to RS doing an abomination in C++, by CS
LORE: lmao yes vibe climate coding, (MW, private communication 2026)
LORE: so a lot of it is very informed physical vibes and we can verify the vibes vibe, (Jorge, 2026)
LORE: I now understand why my understanding was not right (MW,2025)
LORE: I imagine the results are usefully unphysical (MW, 2025)
LORE: Hmm I just got notified that the do not merge branch, got merged
LORE: We have no ETA. We wait. (Pawsey, 2024)
LORE: Dale dug a hole. Tell 'em Dale!
LORE: Tell him he's dreamin!
LORE: On what constitutional basis do you base your arguments? The vibes, your honour
LORE: Unfortunately life isn't quadratic - Schlegel
LORE: In stressful situations, please resort to eating chocolate. (Fazeleh's life mantra)
LORE: There are three constants in life. Death, Taxes, and Vim.
LORE: A tri-triathlon, you do a triathlon...three times!
LORE: I've been caught like the tiger of Santa Julia (Mexican saying)
LORE: Shrimp that falls asleep is carried away by the current (Mexican saying)
LORE: So you can see on which side the iguana bites (Mexican saying)
LORE: *mexican whistle of approval* (Mexican kinda saying)
LORE: Let's dig in that is mole de olla (Mexican saying)
LORE: Para todo mal, mezcal; y para todo bien, también
LORE: The broth ended up more expensive than the meatballs (mexican saying)
LORE: When you're just going to the butcher, I'm already frying the milanesas (mexican saying)
LORE: You've added too much cream to your tacos (Mexican saying)
LORE: The chahuitsle already fell on us (Mexican saying)
LORE: The clown has carried us (Mexican saying)
LORE: The devil knows more because he's old, not because he's the devil (Mexican saying)
LORE: Oh no, they've flipped the tortilla on me (Mexican saying)
LORE: Gotta measure the water of the sweet potatoes (Mexican saying)
LORE: It has smoked a lighthouse (Mexican saying)
LORE: The sun burns very much (Mexican saying)
LORE: Australia went to war against the Emus in 1932, this event is called the Great Emu War. Australia lost.
LORE: Ah you got a shower. (Edgar's dad, the ancient Mexican scriptures)
LORE: 4 tomatillos, 2 serranos, salt, pepper, 5 cloves of garlic, half an onion and a pinch of cilantro.
LORE: Life is short, make it shorter. (Jorge, talking about butter pumps at American cinemas)
**************************************************
<end of output>
Test time =   0.26 sec
----------------------------------------------------------
Test Passed.
"pic/pic_profiler" end time: Apr 14 21:48 UTC
"pic/pic_profiler" time elapsed: 00:00:00
----------------------------------------------------------

26/26 Testing: pic/pic_string_derivedtype_io
26/26 Test: pic/pic_string_derivedtype_io
Command: "/home/runner/work/pic/pic/build_default/test/pic-tester" "pic_string_derivedtype_io"
Directory: /home/runner/work/pic/pic/build_default/test
"pic/pic_string_derivedtype_io" start time: Apr 14 21:48 UTC
Output:
----------------------------------------------------------
 ========================================
          _____  _____  _____ 
         |  __ \\|_   _|/ ____|
         | |__) | | | | |     
         |  ___/  | | | |     
         | |     _| |_| |____ 
         |_|    |_____|\\_____|
                                         
                PIC LIBRARY
 ========================================
# Testing: pic_string_derivedtype_io
  Starting listdirected_io ... (1/3)
       ... listdirected_io [PASSED]
  Starting formatted_io ... (2/3)
       ... formatted_io [PASSED]
  Starting unformatted_io ... (3/3)
       ... unformatted_io [PASSED]
**************************************************
LORE: Praise the machine god
LORE: The long line! (CS,2023)
LORE: Maybe I have the Fortran brain-rot in Dijkstra's words (IP,2025)
LORE: Mojo, yes, do I approve it, no. (IP, 2025)
LORE: No, rice does not contain gluten (EG, dawn of time)
LORE: Yes, potatoes are gluten free (EG, dawn of time)
LORE: Stonks (MS, 2019)
LORE: Praise the machine god
LORE: Maybe I WILL use a more efficient language: Fortran (Jorge, to CS)
LORE: No one owns Makefiles!
LORE: Why did you choose CMake over any other build system? Jorge: Stockholm Syndrome?
LORE: That is exactly what Bjarne Sostrup intended when he created C++ - in response to RS doing an abomination in C++, by CS
LORE: lmao yes vibe climate coding, (MW, private communication 2026)
LORE: so a lot of it is very informed physical vibes and we can verify the vibes vibe, (Jorge, 2026)
LORE: I now understand why my understanding was not right (MW,2025)
LORE: I imagine the results are usefully unphysical (MW, 2025)
LORE: Hmm I just got notified that the do not merge branch, got merged
LORE: We have no ETA. We wait. (Pawsey, 2024)
LORE: Dale dug a hole. Tell 'em Dale!
LORE: Tell him he's dreamin!
LORE: On what constitutional basis do you base your arguments? The vibes, your honour
LORE: Unfortunately life isn't quadratic - Schlegel
LORE: In stressful situations, please resort to eating chocolate. (Fazeleh's life mantra)
LORE: There are three constants in life. Death, Taxes, and Vim.
LORE: A tri-triathlon, you do a triathlon...three times!
LORE: I've been caught like the tiger of Santa Julia (Mexican saying)
LORE: Shrimp that falls asleep is carried away by the current (Mexican saying)
LORE: So you can see on which side the iguana bites (Mexican saying)
LORE: *mexican whistle of approval* (Mexican kinda saying)
LORE: Let's dig in that is mole de olla (Mexican saying)
LORE: Para todo mal, mezcal; y para todo bien, también
LORE: The broth ended up more expensive than the meatballs (mexican saying)
LORE: When you're just going to the butcher, I'm already frying the milanesas (mexican saying)
LORE: You've added too much cream to your tacos (Mexican saying)
LORE: The chahuitsle already fell on us (Mexican saying)
LORE: The clown has carried us (Mexican saying)
LORE: The devil knows more because he's old, not because he's the devil (Mexican saying)
LORE: Oh no, they've flipped the tortilla on me (Mexican saying)
LORE: Gotta measure the water of the sweet potatoes (Mexican saying)
LORE: It has smoked a lighthouse (Mexican saying)
LORE: The sun burns very much (Mexican saying)
LORE: Australia went to war against the Emus in 1932, this event is called the Great Emu War. Australia lost.
LORE: Ah you got a shower. (Edgar's dad, the ancient Mexican scriptures)
LORE: 4 tomatillos, 2 serranos, salt, pepper, 5 cloves of garlic, half an onion and a pinch of cilantro.
LORE: Life is short, make it shorter. (Jorge, talking about butter pumps at American cinemas)
**************************************************
<end of output>
Test time =   0.00 sec
----------------------------------------------------------
Test Passed.
"pic/pic_string_derivedtype_io" end time: Apr 14 21:48 UTC
"pic/pic_string_derivedtype_io" time elapsed: 00:00:00
----------------------------------------------------------

End testing: Apr 14 21:48 UTC
